#
# A fatal error has been detected by the Java Runtime Environment:
#
#  EXCEPTION_ACCESS_VIOLATION (0xc0000005) at pc=0x000000006ac47b74, pid=32192, tid=0x00000000000085c0
#
# JRE version: OpenJDK Runtime Environment (8.0_442-b06) (build 1.8.0_442-b06)
# Java VM: OpenJDK 64-Bit Server VM (25.442-b06 mixed mode windows-amd64 compressed oops)
# Problematic frame:
# V  [jvm.dll+0xd7b74]
#
# Failed to write core dump. Minidumps are not enabled by default on client versions of Windows
#
# If you would like to submit a bug report, please visit:
#   https://github.com/adoptium/adoptium-support/issues
#

---------------  T H R E A D  ---------------

Current thread (0x000001de6bae8000):  GCTaskThread [stack: 0x0000004b5cd00000,0x0000004b5ce00000] [id=34240]

siginfo: ExceptionCode=0xc0000005, reading address 0x0000000101491838

Registers:
RAX=0x0000000101491838, RBX=0x00000000c70f7540, RCX=0x0000000000000003, RDX=0x00000000c70f7540
RSP=0x0000004b5cdff300, RBP=0x000001de6bad2a00, RSI=0x0000004b5cdff4d0, RDI=0x00000000c71d7548
R8 =0x0000004b5cdff4d0, R9 =0x000000006b164b01, R10=0x000001de6bb8a1e8, R11=0x0000004b5cdff3b0
R12=0x0000004b5cdff4d0, R13=0x000001de6bae9150, R14=0x000001de7e5b0400, R15=0x000001de6bae9140
RIP=0x000000006ac47b74, EFLAGS=0x0000000000010202

Top of Stack: (sp=0x0000004b5cdff300)
0x0000004b5cdff300:   00000000c70f7520 000001de6bad2a00
0x0000004b5cdff310:   0000004b5cdff4d0 00000000c71d7548
0x0000004b5cdff320:   000001de7e5b0400 000000006af1267d
0x0000004b5cdff330:   000001de6baf9230 0000000000000035
0x0000004b5cdff340:   00000000c19b7950 000000006af6dda1
0x0000004b5cdff350:   000001de6bae9528 00000000000003d8
0x0000004b5cdff360:   00000000c6de0098 000000000007ee96
0x0000004b5cdff370:   000001de6bae8000 000001de6bad2600
0x0000004b5cdff380:   000001de6bae9530 000001de6bae9540
0x0000004b5cdff390:   000001de6bae9618 00000000000000d8
0x0000004b5cdff3a0:   0000004b5cdff5c8 000001de04e582f0
0x0000004b5cdff3b0:   000001de6baf9230 000001de7e5b0400
0x0000004b5cdff3c0:   0000000000000004 0000004b5cdff4d0
0x0000004b5cdff3d0:   000001de02aa0080 000000006af1ad85
0x0000004b5cdff3e0:   000000000000003c 0000000000000035
0x0000004b5cdff3f0:   000001de6bacffe0 0000000000000030 

Instructions: (pc=0x000000006ac47b74)
0x000000006ac47b54:   a0 82 73 00 00 74 15 8b 43 08 8b 0d 84 2a 6d 00
0x000000006ac47b64:   48 d3 e0 48 03 05 72 2a 6d 00 eb 04 48 8b 43 08
0x000000006ac47b74:   4c 8b 08 4c 8b c6 48 8b d3 48 8b c8 41 ff 91 78
0x000000006ac47b84:   01 00 00 48 63 c8 48 8d 1c cb 48 3b df 72 bf 48 


Register to memory mapping:

RAX=0x0000000101491838 is an unknown value
RBX=
[error occurred during error reporting (printing register info), id 0xc0000005]

Stack: [0x0000004b5cd00000,0x0000004b5ce00000],  sp=0x0000004b5cdff300,  free space=1020k
Native frames: (J=compiled Java code, j=interpreted, Vv=VM code, C=native code)
V  [jvm.dll+0xd7b74]
V  [jvm.dll+0x3a267d]
V  [jvm.dll+0x3aad85]
V  [jvm.dll+0x3aa582]
V  [jvm.dll+0x261629]
V  [jvm.dll+0x27826c]
C  [ucrtbase.dll+0x14ea0]
C  [KERNEL32.DLL+0x2e8d7]
C  [ntdll.dll+0xdfbcc]


---------------  P R O C E S S  ---------------

Java Threads: ( => current thread )
  0x000001de08672000 JavaThread "Thread-8" [_thread_blocked, id=36400, stack(0x0000004b61410000,0x0000004b61510000)]
  0x000001de0866f800 JavaThread "Thread-7" [_thread_blocked, id=2944, stack(0x0000004b61310000,0x0000004b61410000)]
  0x000001de065b5800 JavaThread "Keep-Alive-Timer" daemon [_thread_blocked, id=6004, stack(0x0000004b60f00000,0x0000004b61000000)]
  0x000001de0ab7b800 JavaThread "AWT-Windows" daemon [_thread_in_native, id=12128, stack(0x0000004b60e00000,0x0000004b60f00000)]
  0x000001de066b0000 JavaThread "Java2D Disposer" daemon [_thread_blocked, id=2656, stack(0x0000004b60500000,0x0000004b60600000)]
  0x000001de066af000 JavaThread "Timer hack thread" daemon [_thread_blocked, id=3324, stack(0x0000004b60400000,0x0000004b60500000)]
  0x000001de06f63800 JavaThread "Discord RPC Callback" [_thread_blocked, id=31712, stack(0x0000004b60300000,0x0000004b60400000)]
  0x000001de04dbd800 JavaThread "Snooper Timer" daemon [_thread_blocked, id=15280, stack(0x0000004b60200000,0x0000004b60300000)]
  0x000001de06ccc000 JavaThread "Snooper Timer" daemon [_thread_blocked, id=24020, stack(0x0000004b60000000,0x0000004b60100000)]
  0x000001de03a36000 JavaThread "Service Thread" daemon [_thread_blocked, id=36388, stack(0x0000004b5fe00000,0x0000004b5ff00000)]
  0x000001de03034800 JavaThread "C1 CompilerThread14" daemon [_thread_blocked, id=2592, stack(0x0000004b5fd00000,0x0000004b5fe00000)]
  0x000001de03030800 JavaThread "C1 CompilerThread13" daemon [_thread_blocked, id=12236, stack(0x0000004b5fc00000,0x0000004b5fd00000)]
  0x000001de03033800 JavaThread "C1 CompilerThread12" daemon [_thread_blocked, id=12008, stack(0x0000004b5fb00000,0x0000004b5fc00000)]
  0x000001de0302f800 JavaThread "C1 CompilerThread11" daemon [_thread_blocked, id=11988, stack(0x0000004b5fa00000,0x0000004b5fb00000)]
  0x000001de03032800 JavaThread "C1 CompilerThread10" daemon [_thread_blocked, id=4356, stack(0x0000004b5f900000,0x0000004b5fa00000)]
  0x000001de03032000 JavaThread "C2 CompilerThread9" daemon [_thread_blocked, id=7840, stack(0x0000004b5f800000,0x0000004b5f900000)]
  0x000001de0302f000 JavaThread "C2 CompilerThread8" daemon [_thread_blocked, id=9508, stack(0x0000004b5f700000,0x0000004b5f800000)]
  0x000001de03031000 JavaThread "C2 CompilerThread7" daemon [_thread_blocked, id=5440, stack(0x0000004b5f600000,0x0000004b5f700000)]
  0x000001de0302b000 JavaThread "C2 CompilerThread6" daemon [_thread_in_native, id=3936, stack(0x0000004b5f500000,0x0000004b5f600000)]
  0x000001de03002000 JavaThread "C2 CompilerThread5" daemon [_thread_blocked, id=6656, stack(0x0000004b5f400000,0x0000004b5f500000)]
  0x000001de02fd7800 JavaThread "C2 CompilerThread4" daemon [_thread_blocked, id=34912, stack(0x0000004b5f300000,0x0000004b5f400000)]
  0x000001de02fd5800 JavaThread "C2 CompilerThread3" daemon [_thread_blocked, id=17308, stack(0x0000004b5f200000,0x0000004b5f300000)]
  0x000001de02fd5000 JavaThread "C2 CompilerThread2" daemon [_thread_blocked, id=34492, stack(0x0000004b5f100000,0x0000004b5f200000)]
  0x000001de02fd4000 JavaThread "C2 CompilerThread1" daemon [_thread_blocked, id=13776, stack(0x0000004b5f000000,0x0000004b5f100000)]
  0x000001de02fdb000 JavaThread "C2 CompilerThread0" daemon [_thread_in_native, id=3480, stack(0x0000004b5ef00000,0x0000004b5f000000)]
  0x000001de02fce000 JavaThread "Attach Listener" daemon [_thread_blocked, id=36568, stack(0x0000004b5ee00000,0x0000004b5ef00000)]
  0x000001de02fcb000 JavaThread "Signal Dispatcher" daemon [_thread_blocked, id=21548, stack(0x0000004b5ed00000,0x0000004b5ee00000)]
  0x000001de02fca000 JavaThread "Surrogate Locker Thread (Concurrent GC)" daemon [_thread_blocked, id=5580, stack(0x0000004b5ec00000,0x0000004b5ed00000)]
  0x000001de02f9f800 JavaThread "Finalizer" daemon [_thread_blocked, id=19304, stack(0x0000004b5eb00000,0x0000004b5ec00000)]
  0x000001de02f98000 JavaThread "Reference Handler" daemon [_thread_blocked, id=35800, stack(0x0000004b5ea00000,0x0000004b5eb00000)]
  0x000001de6bad3000 JavaThread "Client thread" [_thread_blocked, id=35776, stack(0x0000004b5ca00000,0x0000004b5cb00000)]

Other Threads:
  0x000001de02f6d000 VMThread [stack: 0x0000004b5e900000,0x0000004b5ea00000] [id=9552]
  0x000001de03a37000 WatcherThread [stack: 0x0000004b5ff00000,0x0000004b60000000] [id=4504]

=>0x000001de6bae8000 (exited) GCTaskThread [stack: 0x0000004b5cd00000,0x0000004b5ce00000] [id=34240]

VM state:at safepoint (normal execution)

VM Mutex/Monitor currently owned by a thread:  ([mutex/lock_event])
[0x000001de6bace2d0] Threads_lock - owner thread: 0x000001de02f6d000
[0x000001de6bacfce0] Heap_lock - owner thread: 0x000001de7e5b0000

heap address: 0x00000000c0000000, size: 1024 MB, Compressed Oops mode: 32-bit
Narrow klass base: 0x0000000000000000, Narrow klass shift: 3
Compressed class space size: 1073741824 Address: 0x0000000100000000

Heap:
 par new generation   total 314560K, used 149242K [0x00000000c0000000, 0x00000000d5550000, 0x00000000d5550000)
  eden space 279616K,  45% used [0x00000000c0000000, 0x00000000c7cf0e60, 0x00000000d1110000)
  from space 34944K,  60% used [0x00000000d1110000, 0x00000000d25dda88, 0x00000000d3330000)
  to   space 34944K,   0% used [0x00000000d3330000, 0x00000000d3330000, 0x00000000d5550000)
 concurrent mark-sweep generation total 699072K, used 66086K [0x00000000d5550000, 0x0000000100000000, 0x0000000100000000)
 Metaspace       used 36088K, capacity 36369K, committed 36824K, reserved 1081344K
  class space    used 4476K, capacity 4529K, committed 4560K, reserved 1048576K

Card table byte_map: [0x000001de7c910000,0x000001de7cb20000] byte_map_base: 0x000001de7c310000

Marking Bits: (CMSBitMap*) 0x000001de6bb8a1e8
 Bits: [0x000001de7e5f0000, 0x000001de7f09ac00)

Mod Union Table: (CMSBitMap*) 0x000001de6bb8a2a8
 Bits: [0x000001de6bd30000, 0x000001de6bd5aab0)

Polling page: 0x000001de6bcd0000

CodeCache: size=245760Kb used=15675Kb max_used=15691Kb free=230085Kb
 bounds [0x000001de6d550000, 0x000001de6e4c0000, 0x000001de7c550000]
 total_blobs=4462 nmethods=3705 adapters=665
 compilation: enabled

Compilation events (10 events):
Event: 3.305 Thread 0x000001de02fd4000 4173       4       com.google.gson.JsonArray::size (10 bytes)
Event: 3.306 Thread 0x000001de02fd4000 nmethod 4173 0x000001de6e4a3750 code [0x000001de6e4a38a0, 0x000001de6e4a3938]
Event: 3.306 Thread 0x000001de03032000 4174       4       java.awt.image.DataBuffer::getDataTypeSize (42 bytes)
Event: 3.306 Thread 0x000001de03032000 nmethod 4174 0x000001de6e4a8650 code [0x000001de6e4a8780, 0x000001de6e4a8818]
Event: 3.309 Thread 0x000001de02fdb000 4175   !   4       com.sun.imageio.plugins.png.PNGImageReader::decodePass (1201 bytes)
Event: 3.310 Thread 0x000001de03031000 nmethod 4166 0x000001de6e4b4f10 code [0x000001de6e4b5160, 0x000001de6e4b6ff0]
Event: 3.322 Thread 0x000001de03002000 4176       4       javax.imageio.stream.ImageInputStreamImpl::readFully (73 bytes)
Event: 3.322 Thread 0x000001de03002000 nmethod 4176 0x000001de6e4a2850 code [0x000001de6e4a29a0, 0x000001de6e4a2b48]
Event: 3.323 Thread 0x000001de02fd5800 4177       4       java.util.HashMap::values (25 bytes)
Event: 3.324 Thread 0x000001de02fd5800 nmethod 4177 0x000001de6e4a2550 code [0x000001de6e4a26a0, 0x000001de6e4a2798]

GC Heap History (8 events):
Event: 1.399 GC heap before
{Heap before GC invocations=0 (full 0):
 par new generation   total 314560K, used 279616K [0x00000000c0000000, 0x00000000d5550000, 0x00000000d5550000)
  eden space 279616K, 100% used [0x00000000c0000000, 0x00000000d1110000, 0x00000000d1110000)
  from space 34944K,   0% used [0x00000000d1110000, 0x00000000d1110000, 0x00000000d3330000)
  to   space 34944K,   0% used [0x00000000d3330000, 0x00000000d3330000, 0x00000000d5550000)
 concurrent mark-sweep generation total 699072K, used 0K [0x00000000d5550000, 0x0000000100000000, 0x0000000100000000)
 Metaspace       used 27883K, capacity 28144K, committed 28268K, reserved 1073152K
  class space    used 3812K, capacity 3874K, committed 3900K, reserved 1048576K
Event: 1.407 GC heap after
Heap after GC invocations=1 (full 0):
 par new generation   total 314560K, used 34117K [0x00000000c0000000, 0x00000000d5550000, 0x00000000d5550000)
  eden space 279616K,   0% used [0x00000000c0000000, 0x00000000c0000000, 0x00000000d1110000)
  from space 34944K,  97% used [0x00000000d3330000, 0x00000000d5481778, 0x00000000d5550000)
  to   space 34944K,   0% used [0x00000000d1110000, 0x00000000d1110000, 0x00000000d3330000)
 concurrent mark-sweep generation total 699072K, used 0K [0x00000000d5550000, 0x0000000100000000, 0x0000000100000000)
 Metaspace       used 27883K, capacity 28144K, committed 28268K, reserved 1073152K
  class space    used 3812K, capacity 3874K, committed 3900K, reserved 1048576K
}
Event: 2.054 GC heap before
{Heap before GC invocations=1 (full 0):
 par new generation   total 314560K, used 313075K [0x00000000c0000000, 0x00000000d5550000, 0x00000000d5550000)
  eden space 279616K,  99% used [0x00000000c0000000, 0x00000000d106b4e0, 0x00000000d1110000)
  from space 34944K,  97% used [0x00000000d3330000, 0x00000000d5481778, 0x00000000d5550000)
  to   space 34944K,   0% used [0x00000000d1110000, 0x00000000d1110000, 0x00000000d3330000)
 concurrent mark-sweep generation total 699072K, used 0K [0x00000000d5550000, 0x0000000100000000, 0x0000000100000000)
 Metaspace       used 32431K, capacity 32679K, committed 32916K, reserved 1077248K
  class space    used 4177K, capacity 4264K, committed 4332K, reserved 1048576K
Event: 2.095 GC heap after
Heap after GC invocations=2 (full 0):
 par new generation   total 314560K, used 33369K [0x00000000c0000000, 0x00000000d5550000, 0x00000000d5550000)
  eden space 279616K,   0% used [0x00000000c0000000, 0x00000000c0000000, 0x00000000d1110000)
  from space 34944K,  95% used [0x00000000d1110000, 0x00000000d31a6768, 0x00000000d3330000)
  to   space 34944K,   0% used [0x00000000d3330000, 0x00000000d3330000, 0x00000000d5550000)
 concurrent mark-sweep generation total 699072K, used 43778K [0x00000000d5550000, 0x0000000100000000, 0x0000000100000000)
 Metaspace       used 32431K, capacity 32679K, committed 32916K, reserved 1077248K
  class space    used 4177K, capacity 4264K, committed 4332K, reserved 1048576K
}
Event: 2.678 GC heap before
{Heap before GC invocations=2 (full 1):
 par new generation   total 314560K, used 312985K [0x00000000c0000000, 0x00000000d5550000, 0x00000000d5550000)
  eden space 279616K, 100% used [0x00000000c0000000, 0x00000000d1110000, 0x00000000d1110000)
  from space 34944K,  95% used [0x00000000d1110000, 0x00000000d31a6768, 0x00000000d3330000)
  to   space 34944K,   0% used [0x00000000d3330000, 0x00000000d3330000, 0x00000000d5550000)
 concurrent mark-sweep generation total 699072K, used 43778K [0x00000000d5550000, 0x0000000100000000, 0x0000000100000000)
 Metaspace       used 35480K, capacity 35723K, committed 36160K, reserved 1081344K
  class space    used 4455K, capacity 4528K, committed 4560K, reserved 1048576K
Event: 2.692 GC heap after
Heap after GC invocations=3 (full 1):
 par new generation   total 314560K, used 22602K [0x00000000c0000000, 0x00000000d5550000, 0x00000000d5550000)
  eden space 279616K,   0% used [0x00000000c0000000, 0x00000000c0000000, 0x00000000d1110000)
  from space 34944K,  64% used [0x00000000d3330000, 0x00000000d4942860, 0x00000000d5550000)
  to   space 34944K,   0% used [0x00000000d1110000, 0x00000000d1110000, 0x00000000d3330000)
 concurrent mark-sweep generation total 699072K, used 66086K [0x00000000d5550000, 0x0000000100000000, 0x0000000100000000)
 Metaspace       used 35480K, capacity 35723K, committed 36160K, reserved 1081344K
  class space    used 4455K, capacity 4528K, committed 4560K, reserved 1048576K
}
Event: 3.105 GC heap before
{Heap before GC invocations=3 (full 1):
 par new generation   total 314560K, used 302218K [0x00000000c0000000, 0x00000000d5550000, 0x00000000d5550000)
  eden space 279616K, 100% used [0x00000000c0000000, 0x00000000d1110000, 0x00000000d1110000)
  from space 34944K,  64% used [0x00000000d3330000, 0x00000000d4942860, 0x00000000d5550000)
  to   space 34944K,   0% used [0x00000000d1110000, 0x00000000d1110000, 0x00000000d3330000)
 concurrent mark-sweep generation total 699072K, used 66086K [0x00000000d5550000, 0x0000000100000000, 0x0000000100000000)
 Metaspace       used 35938K, capacity 36177K, committed 36492K, reserved 1081344K
  class space    used 4475K, capacity 4529K, committed 4560K, reserved 1048576K
Event: 3.110 GC heap after
Heap after GC invocations=4 (full 1):
 par new generation   total 314560K, used 21302K [0x00000000c0000000, 0x00000000d5550000, 0x00000000d5550000)
  eden space 279616K,   0% used [0x00000000c0000000, 0x00000000c0000000, 0x00000000d1110000)
  from space 34944K,  60% used [0x00000000d1110000, 0x00000000d25dda88, 0x00000000d3330000)
  to   space 34944K,   0% used [0x00000000d3330000, 0x00000000d3330000, 0x00000000d5550000)
 concurrent mark-sweep generation total 699072K, used 66086K [0x00000000d5550000, 0x0000000100000000, 0x0000000100000000)
 Metaspace       used 35938K, capacity 36177K, committed 36492K, reserved 1081344K
  class space    used 4475K, capacity 4529K, committed 4560K, reserved 1048576K
}

Deoptimization events (10 events):
Event: 2.910 Thread 0x000001de6bad3000 Uncommon trap: reason=class_check action=maybe_recompile pc=0x000001de6e324274 method=java.util.HashSet.iterator()Ljava/util/Iterator; @ 4
Event: 2.915 Thread 0x000001de6bad3000 Uncommon trap: reason=class_check action=maybe_recompile pc=0x000001de6e324274 method=java.util.HashSet.iterator()Ljava/util/Iterator; @ 4
Event: 2.915 Thread 0x000001de6bad3000 Uncommon trap: reason=class_check action=maybe_recompile pc=0x000001de6e324274 method=java.util.HashSet.iterator()Ljava/util/Iterator; @ 4
Event: 3.098 Thread 0x000001de6bad3000 Uncommon trap: reason=unstable_if action=reinterpret pc=0x000001de6e1a2ddc method=java.util.ArrayList.clear()V @ 17
Event: 3.138 Thread 0x000001de6bad3000 Uncommon trap: reason=unstable_if action=reinterpret pc=0x000001de6dfbd908 method=sun.awt.image.ByteInterleavedRaster.putByteData(IIII[B)V @ 395
Event: 3.139 Thread 0x000001de6bad3000 Uncommon trap: reason=unstable_if action=reinterpret pc=0x000001de6dfcf8ec method=java.awt.image.ComponentColorModel.getRGB(Ljava/lang/Object;)I @ 4
Event: 3.139 Thread 0x000001de6bad3000 Uncommon trap: reason=unstable_if action=reinterpret pc=0x000001de6dfce490 method=java.awt.image.ComponentColorModel.getAlpha(Ljava/lang/Object;)I @ 4
Event: 3.139 Thread 0x000001de6bad3000 Uncommon trap: reason=unstable_if action=reinterpret pc=0x000001de6dfcd7dc method=java.awt.image.ComponentColorModel.extractComponent(Ljava/lang/Object;II)I @ 4
Event: 3.140 Thread 0x000001de6bad3000 Uncommon trap: reason=unstable_if action=reinterpret pc=0x000001de6dfd8484 method=java.awt.image.ComponentColorModel.getAlpha(Ljava/lang/Object;)I @ 4
Event: 3.173 Thread 0x000001de6bad3000 Uncommon trap: reason=unstable_if action=reinterpret pc=0x000001de6e3e51c0 method=net.minecraft.client.renderer.texture.TextureAtlasSprite.fixTransparentColor([I)V @ 117

Classes redefined (0 events):
No events

Internal exceptions (10 events):
Event: 2.571 Thread 0x000001de0866f800 Exception <a 'java/lang/InterruptedException': sleep interrupted> (0x00000000cc05bd60) thrown at [C:\workspace\openjdk-build\workspace\build\src\hotspot\src\share\vm\prims\jvm.cpp, line 3374]
Event: 2.576 Thread 0x000001de0866f800 Exception <a 'java/security/PrivilegedActionException'> (0x00000000cc0b7cb0) thrown at [C:\workspace\openjdk-build\workspace\build\src\hotspot\src\share\vm\prims\jvm.cpp, line 1514]
Event: 2.577 Thread 0x000001de0866f800 Exception <a 'java/security/PrivilegedActionException'> (0x00000000cc0b97c0) thrown at [C:\workspace\openjdk-build\workspace\build\src\hotspot\src\share\vm\prims\jvm.cpp, line 1514]
Event: 2.577 Thread 0x000001de0866f800 Exception <a 'java/security/PrivilegedActionException'> (0x00000000cc0ba8e0) thrown at [C:\workspace\openjdk-build\workspace\build\src\hotspot\src\share\vm\prims\jvm.cpp, line 1514]
Event: 2.577 Thread 0x000001de0866f800 Exception <a 'java/security/PrivilegedActionException'> (0x00000000cc0bfa00) thrown at [C:\workspace\openjdk-build\workspace\build\src\hotspot\src\share\vm\prims\jvm.cpp, line 1514]
Event: 2.577 Thread 0x000001de0866f800 Exception <a 'java/security/PrivilegedActionException'> (0x00000000cc0c0658) thrown at [C:\workspace\openjdk-build\workspace\build\src\hotspot\src\share\vm\prims\jvm.cpp, line 1514]
Event: 2.577 Thread 0x000001de0866f800 Exception <a 'java/security/PrivilegedActionException'> (0x00000000cc0c1280) thrown at [C:\workspace\openjdk-build\workspace\build\src\hotspot\src\share\vm\prims\jvm.cpp, line 1514]
Event: 2.725 Thread 0x000001de6bad3000 Implicit null exception at 0x000001de6e17a82c to 0x000001de6e17a87d
Event: 2.972 Thread 0x000001de0866f800 Exception <a 'java/lang/InterruptedException': sleep interrupted> (0x00000000ce5994e0) thrown at [C:\workspace\openjdk-build\workspace\build\src\hotspot\src\share\vm\prims\jvm.cpp, line 3374]
Event: 2.972 Thread 0x000001de0866f800 Exception <a 'java/lang/InterruptedException': sleep interrupted> (0x00000000ce599738) thrown at [C:\workspace\openjdk-build\workspace\build\src\hotspot\src\share\vm\prims\jvm.cpp, line 3374]

Events (10 events):
Event: 3.217 Thread 0x000001de6bad3000 DEOPT PACKING pc=0x000001de6e3a7c5d sp=0x0000004b5cafe920
Event: 3.217 Thread 0x000001de6bad3000 DEOPT UNPACKING pc=0x000001de6d5975d8 sp=0x0000004b5cafe688 mode 0
Event: 3.226 Executing VM operation: CollectForMetadataAllocation
Event: 3.226 Executing VM operation: CollectForMetadataAllocation done
Event: 3.294 loading class sun/awt/AppContext$PostShutdownEventRunnable
Event: 3.294 loading class sun/awt/AppContext$PostShutdownEventRunnable done
Event: 3.294 loading class sun/awt/AWTAutoShutdown$1
Event: 3.294 loading class sun/awt/AWTAutoShutdown$1 done
Event: 3.294 Thread 0x000001de0878c800 Thread exited: 0x000001de0878c800
Event: 3.325 Executing VM operation: CMS_Final_Remark


Dynamic libraries:
0x00007ff6ec3c0000 - 0x00007ff6ec40d000 	C:\Program Files\Eclipse Adoptium\jdk-8.0.442.6-hotspot\bin\javaw.exe
0x00007ffac7b40000 - 0x00007ffac7da3000 	C:\WINDOWS\SYSTEM32\ntdll.dll
0x00007ffac6f90000 - 0x00007ffac7058000 	C:\WINDOWS\System32\KERNEL32.DLL
0x00007ffac5460000 - 0x00007ffac5812000 	C:\WINDOWS\System32\KERNELBASE.dll
0x00007ffac6390000 - 0x00007ffac6444000 	C:\WINDOWS\System32\ADVAPI32.dll
0x00007ffac5c00000 - 0x00007ffac5ca9000 	C:\WINDOWS\System32\msvcrt.dll
0x00007ffac5ae0000 - 0x00007ffac5b86000 	C:\WINDOWS\System32\sechost.dll
0x00007ffac59a0000 - 0x00007ffac5ab6000 	C:\WINDOWS\System32\RPCRT4.dll
0x00007ffac61c0000 - 0x00007ffac6388000 	C:\WINDOWS\System32\USER32.dll
0x00007ffac5820000 - 0x00007ffac5847000 	C:\WINDOWS\System32\win32u.dll
0x00007ffac5bc0000 - 0x00007ffac5bea000 	C:\WINDOWS\System32\GDI32.dll
0x00007ffac51b0000 - 0x00007ffac52db000 	C:\WINDOWS\System32\gdi32full.dll
0x00007ffac4fa0000 - 0x00007ffac5043000 	C:\WINDOWS\System32\msvcp_win.dll
0x00007ffac5850000 - 0x00007ffac599b000 	C:\WINDOWS\System32\ucrtbase.dll
0x00007ffac4080000 - 0x00007ffac4310000 	C:\WINDOWS\WinSxS\amd64_microsoft.windows.common-controls_6595b64144ccf1df_6.0.26100.2454_none_3e0b68a2e331ad60\COMCTL32.dll
0x00007ffac7060000 - 0x00007ffac708f000 	C:\WINDOWS\System32\IMM32.DLL
0x00007ffaae720000 - 0x00007ffaae73e000 	C:\Program Files\Eclipse Adoptium\jdk-8.0.442.6-hotspot\jre\bin\vcruntime140.dll
0x00007ffaad8d0000 - 0x00007ffaad8dc000 	C:\Program Files\Eclipse Adoptium\jdk-8.0.442.6-hotspot\jre\bin\vcruntime140_1.dll
0x00007ffa9c080000 - 0x00007ffa9c10d000 	C:\Program Files\Eclipse Adoptium\jdk-8.0.442.6-hotspot\jre\bin\msvcp140.dll
0x000000006ab70000 - 0x000000006b406000 	C:\Program Files\Eclipse Adoptium\jdk-8.0.442.6-hotspot\jre\bin\server\jvm.dll
0x00007ffac61b0000 - 0x00007ffac61b8000 	C:\WINDOWS\System32\PSAPI.DLL
0x00007ffaa3cb0000 - 0x00007ffaa3cba000 	C:\WINDOWS\SYSTEM32\WSOCK32.dll
0x00007ffabd5d0000 - 0x00007ffabd5db000 	C:\WINDOWS\SYSTEM32\VERSION.dll
0x00007ffab8150000 - 0x00007ffab8186000 	C:\WINDOWS\SYSTEM32\WINMM.dll
0x00007ffac7a80000 - 0x00007ffac7af4000 	C:\WINDOWS\System32\WS2_32.dll
0x00007ffac3410000 - 0x00007ffac342a000 	C:\WINDOWS\SYSTEM32\kernel.appcore.dll
0x00007ffaace30000 - 0x00007ffaace40000 	C:\Program Files\Eclipse Adoptium\jdk-8.0.442.6-hotspot\jre\bin\verify.dll
0x00007ffaa7b50000 - 0x00007ffaa7b7b000 	C:\Program Files\Eclipse Adoptium\jdk-8.0.442.6-hotspot\jre\bin\java.dll
0x00007ffaa78c0000 - 0x00007ffaa78d8000 	C:\Program Files\Eclipse Adoptium\jdk-8.0.442.6-hotspot\jre\bin\zip.dll
0x00007ffac6880000 - 0x00007ffac6f81000 	C:\WINDOWS\System32\SHELL32.dll
0x00007ffac2170000 - 0x00007ffac29a1000 	C:\WINDOWS\SYSTEM32\windows.storage.dll
0x00007ffac6450000 - 0x00007ffac67ce000 	C:\WINDOWS\System32\combase.dll
0x00007ffac5cb0000 - 0x00007ffac5d8a000 	C:\WINDOWS\System32\SHCORE.dll
0x00007ffac7830000 - 0x00007ffac788d000 	C:\WINDOWS\System32\shlwapi.dll
0x00007ffac4e20000 - 0x00007ffac4e4e000 	C:\WINDOWS\SYSTEM32\profapi.dll
0x00007ffaace20000 - 0x00007ffaace2d000 	C:\Program Files\Eclipse Adoptium\jdk-8.0.442.6-hotspot\jre\bin\management.dll
0x00007ffaa78a0000 - 0x00007ffaa78bc000 	C:\Program Files\Eclipse Adoptium\jdk-8.0.442.6-hotspot\jre\bin\net.dll
0x00007ffac3910000 - 0x00007ffac3978000 	C:\WINDOWS\system32\mswsock.dll
0x00007ffaa6e50000 - 0x00007ffaa6e63000 	C:\Program Files\Eclipse Adoptium\jdk-8.0.442.6-hotspot\jre\bin\nio.dll
0x00007ffa79dd0000 - 0x00007ffa79de8000 	C:\WINDOWS\system32\napinsp.dll
0x00007ffac2f40000 - 0x00007ffac3065000 	C:\WINDOWS\SYSTEM32\DNSAPI.dll
0x00007ffac2e40000 - 0x00007ffac2e72000 	C:\WINDOWS\SYSTEM32\IPHLPAPI.DLL
0x00007ffac5bf0000 - 0x00007ffac5bfa000 	C:\WINDOWS\System32\NSI.dll
0x00007ffa79d40000 - 0x00007ffa79d52000 	C:\WINDOWS\System32\winrnr.dll
0x00007ffa79d10000 - 0x00007ffa79d32000 	C:\WINDOWS\system32\nlansp_c.dll
0x00007ffabc3f0000 - 0x00007ffabc406000 	C:\WINDOWS\system32\wshbth.dll
0x00007ffab83c0000 - 0x00007ffab8445000 	C:\WINDOWS\System32\fwpuclnt.dll
0x00007ffabc3e0000 - 0x00007ffabc3eb000 	C:\Windows\System32\rasadhlp.dll
0x0000000180000000 - 0x0000000180053000 	C:\Users\user\Desktop\Coding\ezclient\ezclient\ezclient\jars\versions\1.8.9\1.8.9-natives\lwjgl64.dll
0x00007ffa5f7e0000 - 0x00007ffa5f8ec000 	C:\WINDOWS\SYSTEM32\OPENGL32.dll
0x00007ffa879c0000 - 0x00007ffa879ed000 	C:\WINDOWS\SYSTEM32\GLU32.dll
0x00007ffac1550000 - 0x00007ffac1597000 	C:\WINDOWS\SYSTEM32\dxcore.dll
0x00007ffac4b50000 - 0x00007ffac4b6c000 	C:\WINDOWS\SYSTEM32\CRYPTSP.dll
0x00007ffac3cf0000 - 0x00007ffac3d28000 	C:\WINDOWS\system32\rsaenh.dll
0x00007ffac3980000 - 0x00007ffac39ab000 	C:\WINDOWS\SYSTEM32\USERENV.dll
0x00007ffac4680000 - 0x00007ffac46a6000 	C:\WINDOWS\SYSTEM32\bcrypt.dll
0x00007ffac5050000 - 0x00007ffac50e9000 	C:\WINDOWS\System32\bcryptprimitives.dll
0x00007ffac3ce0000 - 0x00007ffac3cec000 	C:\WINDOWS\SYSTEM32\CRYPTBASE.dll
0x00007ffab8710000 - 0x00007ffab872e000 	C:\WINDOWS\SYSTEM32\dhcpcsvc6.DLL
0x00007ffab8690000 - 0x00007ffab86b5000 	C:\WINDOWS\SYSTEM32\dhcpcsvc.DLL
0x00007ffa69090000 - 0x00007ffa6920c000 	C:\Program Files\Eclipse Adoptium\jdk-8.0.442.6-hotspot\jre\bin\awt.dll
0x00007ffac7940000 - 0x00007ffac7a16000 	C:\WINDOWS\System32\OLEAUT32.dll
0x00007ffac1130000 - 0x00007ffac11cc000 	C:\WINDOWS\SYSTEM32\apphelp.dll
0x000001de073a0000 - 0x000001de073d8000 	C:\Users\user\AppData\Local\Temp\jna\jna2974354052162612221.dll
0x00007ffa941f0000 - 0x00007ffa9428c000 	C:\Users\user\AppData\Local\Temp\discord-rpc\discord-rpc.dll
0x00007ffaaec60000 - 0x00007ffaaed20000 	C:\WINDOWS\SYSTEM32\mscms.dll
0x00007ffac1470000 - 0x00007ffac151d000 	C:\WINDOWS\system32\uxtheme.dll
0x00007ffac6050000 - 0x00007ffac61ac000 	C:\WINDOWS\System32\MSCTF.dll
0x00007ffaa7e60000 - 0x00007ffaa7fa6000 	C:\WINDOWS\SYSTEM32\textinputframework.dll
0x00007ffac0d60000 - 0x00007ffac0e85000 	C:\WINDOWS\SYSTEM32\CoreMessaging.dll
0x00007ffabdb80000 - 0x00007ffabde63000 	C:\WINDOWS\SYSTEM32\CoreUIComponents.dll
0x00007ffabe330000 - 0x00007ffabe498000 	C:\WINDOWS\SYSTEM32\wintypes.dll
0x00007ffaad880000 - 0x00007ffaad89a000 	C:\WINDOWS\SYSTEM32\windows.staterepositorycore.dll
0x00007ffa420d0000 - 0x00007ffa448bd000 	C:\WINDOWS\System32\DriverStore\FileRepository\nvmdi.inf_amd64_ce215582e5f83f90\nvoglv64.dll
0x00007ffac7310000 - 0x00007ffac7796000 	C:\WINDOWS\System32\SETUPAPI.dll
0x00007ffac70a0000 - 0x00007ffac7239000 	C:\WINDOWS\System32\ole32.dll
0x00007ffac11e0000 - 0x00007ffac11f5000 	C:\WINDOWS\SYSTEM32\WTSAPI32.dll
0x00007ffac3d60000 - 0x00007ffac3d73000 	C:\WINDOWS\SYSTEM32\msasn1.dll
0x00007ffabd320000 - 0x00007ffabd35b000 	C:\WINDOWS\SYSTEM32\cryptnet.dll
0x00007ffac52e0000 - 0x00007ffac5456000 	C:\WINDOWS\System32\CRYPT32.dll
0x00007ffac3ba0000 - 0x00007ffac3bfd000 	C:\WINDOWS\SYSTEM32\wldp.dll
0x00007ffac3e30000 - 0x00007ffac3fa8000 	C:\WINDOWS\SYSTEM32\drvstore.dll
0x00007ffac4be0000 - 0x00007ffac4c0d000 	C:\WINDOWS\SYSTEM32\devobj.dll
0x00007ffac4b70000 - 0x00007ffac4bcf000 	C:\WINDOWS\SYSTEM32\cfgmgr32.dll
0x00007ffac4f10000 - 0x00007ffac4f8f000 	C:\WINDOWS\System32\WINTRUST.dll
0x00007ffac4740000 - 0x00007ffac4775000 	C:\WINDOWS\SYSTEM32\ntmarta.dll
0x00007ffac5b90000 - 0x00007ffac5bb0000 	C:\WINDOWS\System32\imagehlp.dll
0x00007ffab89f0000 - 0x00007ffabc18a000 	C:\WINDOWS\System32\DriverStore\FileRepository\nvmdi.inf_amd64_ce215582e5f83f90\nvgpucomp64.dll
0x00007ffa88210000 - 0x00007ffa88514000 	C:\WINDOWS\system32\nvspcap64.dll
0x00007ffac1750000 - 0x00007ffac177e000 	C:\WINDOWS\SYSTEM32\dwmapi.dll
0x00007ffa01220000 - 0x00007ffa01269000 	C:\WINDOWS\SYSTEM32\icm32.dll
0x00007ffac49d0000 - 0x00007ffac4a1e000 	C:\WINDOWS\SYSTEM32\powrprof.dll
0x00007ffac4320000 - 0x00007ffac4334000 	C:\WINDOWS\SYSTEM32\UMPDC.dll
0x00007ffac2ed0000 - 0x00007ffac2f2e000 	C:\WINDOWS\SYSTEM32\WINSTA.dll
0x00007ffa66c90000 - 0x00007ffa66dfc000 	C:\Program Files\Eclipse Adoptium\jdk-8.0.442.6-hotspot\jre\bin\freetype.dll
0x00007ffa66bb0000 - 0x00007ffa66c89000 	C:\Program Files\Eclipse Adoptium\jdk-8.0.442.6-hotspot\jre\bin\fontmanager.dll
0x00007ffa8f140000 - 0x00007ffa8f2e6000 	C:\WINDOWS\system32\d3d9.dll
0x00007ffabd5e0000 - 0x00007ffabd6a2000 	C:\WINDOWS\System32\DriverStore\FileRepository\nvmdi.inf_amd64_ce215582e5f83f90\nvldumdx.dll
0x00007ffab8190000 - 0x00007ffab8267000 	C:\WINDOWS\System32\DriverStore\FileRepository\nvmdi.inf_amd64_ce215582e5f83f90\NvMemMapStoragex.dll
0x00007ffa61680000 - 0x00007ffa63747000 	C:\WINDOWS\System32\DriverStore\FileRepository\nvmdi.inf_amd64_ce215582e5f83f90\nvd3dumx.dll
0x00007ffac15a0000 - 0x00007ffac15fc000 	C:\WINDOWS\SYSTEM32\directxdatabasehelper.dll
0x00007ffac3cb0000 - 0x00007ffac3cd7000 	C:\WINDOWS\SYSTEM32\gpapi.dll
0x00007ffa89c20000 - 0x00007ffa89dd4000 	C:\WINDOWS\System32\DriverStore\FileRepository\nvmdi.inf_amd64_ce215582e5f83f90\nvppex.dll
0x0000000070a40000 - 0x0000000070adc000 	C:\Users\user\Desktop\Coding\ezclient\ezclient\ezclient\jars\versions\1.8.9\1.8.9-natives\avutil-ttv-51.dll
0x0000000065980000 - 0x00000000659d6000 	C:\Users\user\Desktop\Coding\ezclient\ezclient\ezclient\jars\versions\1.8.9\1.8.9-natives\swresample-ttv-0.dll
0x000000006eb80000 - 0x000000006ec50000 	C:\Users\user\Desktop\Coding\ezclient\ezclient\ezclient\jars\versions\1.8.9\1.8.9-natives\libmp3lame-ttv.dll
0x00007ff9e07c0000 - 0x00007ff9e1b64000 	C:\Users\user\Desktop\Coding\ezclient\ezclient\ezclient\jars\versions\1.8.9\1.8.9-natives\libmfxsw64.dll
0x00007ffa663d0000 - 0x00007ffa6653d000 	C:\Users\user\Desktop\Coding\ezclient\ezclient\ezclient\jars\versions\1.8.9\1.8.9-natives\twitchsdk.dll
0x00007ffaa3e70000 - 0x00007ffaa40f3000 	C:\WINDOWS\SYSTEM32\WININET.dll
0x000001de13310000 - 0x000001de13374000 	C:\Users\user\Desktop\Coding\ezclient\ezclient\ezclient\jars\versions\1.8.9\1.8.9-natives\OpenAL64.dll
0x00007ffac7890000 - 0x00007ffac7938000 	C:\WINDOWS\System32\clbcatq.dll
0x00007ffabc9a0000 - 0x00007ffabca30000 	C:\WINDOWS\System32\MMDevApi.dll
0x00007ff9f10f0000 - 0x00007ff9f1184000 	C:\WINDOWS\SYSTEM32\dsound.dll
0x00007ffa79c40000 - 0x00007ffa79c71000 	C:\WINDOWS\SYSTEM32\winmmbase.dll
0x00007ff9f1030000 - 0x00007ff9f10e1000 	C:\WINDOWS\SYSTEM32\ResampleDmo.DLL
0x00007ffa4a280000 - 0x00007ffa4a28e000 	C:\WINDOWS\SYSTEM32\msdmo.dll
0x00007ffaaeaa0000 - 0x00007ffaaec57000 	C:\WINDOWS\SYSTEM32\AUDIOSES.DLL
0x00007ffac1e90000 - 0x00007ffac1ea4000 	C:\WINDOWS\SYSTEM32\resourcepolicyclient.dll
0x00007ffac4780000 - 0x00007ffac49c1000 	C:\WINDOWS\SYSTEM32\dbghelp.dll

VM Arguments:
jvm_args: -Xincgc -Xmx1024M -Xms1024M -Djava.library.path=C:\Users\user\Desktop\Coding\ezclient\ezclient\ezclient\jars\versions\1.8.9\1.8.9-natives -Dfile.encoding=windows-1252 -Dstdout.encoding=windows-1252 -Dstderr.encoding=windows-1252 
java_command: Start
java_class_path (initial): C:\Users\user\Desktop\Coding\ezclient\ezclient\ezclient\eclipse\Client\bin;C:\Users\user\Desktop\Coding\ezclient\ezclient\ezclient\jars\versions\1.8.9\1.8.9.jar;C:\Users\user\Desktop\Coding\ezclient\ezclient\ezclient\jars\libraries\oshi-project\oshi-core\1.1\oshi-core-1.1.jar;C:\Users\user\Desktop\Coding\ezclient\ezclient\ezclient\jars\libraries\net\java\dev\jna\jna\3.4.0\jna-3.4.0.jar;C:\Users\user\Desktop\Coding\ezclient\ezclient\ezclient\jars\libraries\net\java\dev\jna\platform\3.4.0\platform-3.4.0.jar;C:\Users\user\Desktop\Coding\ezclient\ezclient\ezclient\jars\libraries\com\ibm\icu\icu4j-core-mojang\51.2\icu4j-core-mojang-51.2.jar;C:\Users\user\Desktop\Coding\ezclient\ezclient\ezclient\jars\libraries\net\sf\jopt-simple\jopt-simple\4.6\jopt-simple-4.6.jar;C:\Users\user\Desktop\Coding\ezclient\ezclient\ezclient\jars\libraries\com\paulscode\codecjorbis\20101023\codecjorbis-20101023.jar;C:\Users\user\Desktop\Coding\ezclient\ezclient\ezclient\jars\libraries\com\paulscode\codecwav\20101023\codecwav-20101023.jar;C:\Users\user\Desktop\Coding\ezclient\ezclient\ezclient\jars\libraries\com\paulscode\libraryjavasound\20101123\libraryjavasound-20101123.jar;C:\Users\user\Desktop\Coding\ezclient\ezclient\ezclient\jars\libraries\com\paulscode\librarylwjglopenal\20100824\librarylwjglopenal-20100824.jar;C:\Users\user\Desktop\Coding\ezclient\ezclient\ezclient\jars\libraries\com\paulscode\soundsystem\20120107\soundsystem-20120107.jar;C:\Users\user\Desktop\Coding\ezclient\ezclient\ezclient\jars\libraries\io\netty\netty-all\4.0.23.Final\netty-all-4.0.23.Final.jar;C:\Users\user\Desktop\Coding\ezclient\ezclient\ezclient\jars\libraries\com\google\guava\guava\17.0\guava-17.0.jar;C:\Users\user\Desktop\Coding\ezclient\ezclient\ezclient\jars\libraries\org\apache\commons\commons-lang3\3.3.2\commons-lang3-3.3.2.jar;C:\Users\user\Desktop\Coding\ezclient\ezclient\ezclient\jars\libraries\commons-io\commons-io\2.4\commons-io-2.4.jar;C:\Users\user\Desktop\Coding\ezcli
Launcher Type: SUN_STANDARD

Environment Variables:
PATH=C:/Users/user/.p2/pool/plugins/org.eclipse.justj.openjdk.hotspot.jre.full.win32.x86_64_23.0.2.v20250131-0604/jre/bin/server;C:/Users/user/.p2/pool/plugins/org.eclipse.justj.openjdk.hotspot.jre.full.win32.x86_64_23.0.2.v20250131-0604/jre/bin;C:\Program Files\OpenLogic\jdk-8.0.442.06-hotspot\bin;C:\Program Files\Eclipse Adoptium\jdk-8.0.442.6-hotspot\bin;C:\Program Files\Common Files\Oracle\Java\javapath;C:\Program Files (x86)\Common Files\Oracle\Java\java8path;C:\Program Files (x86)\Common Files\Oracle\Java\javapath;C:\Program Files (x86)\Razer Chroma SDK\bin;C:\Program Files\Razer Chroma SDK\bin;C:\WINDOWS\system32;C:\WINDOWS;C:\WINDOWS\System32\Wbem;C:\WINDOWS\System32\WindowsPowerShell\v1.0\;C:\WINDOWS\System32\OpenSSH\;C:\Program Files\dotnet\;C:\Program Files (x86)\NVIDIA Corporation\PhysX\Common;C:\WINDOWS\system32\config\systemprofile\AppData\Local\Microsoft\WindowsApps;C:\Program Files (x86)\Razer\ChromaBroadcast\bin;C:\Program Files\Razer\ChromaBroadcast\bin;C:\Users\user\AppData\Local\Microsoft\WindowsApps;C:\Users\user\AppData\Local\Muse Hub\lib;C:\Program Files\NVIDIA Corporation\NVIDIA app\NvDLISR;C:\Program Files\nodejs\;C:\Program Files\Microsoft SQL Server\150\Tools\Binn\;C:\Program Files\Microsoft SQL Server\Client SDK\ODBC\170\Tools\Binn\;C:\Program Files (x86)\Windows Kits\10\Windows Performance Toolkit\;C:\Program Files (x86)\Microsoft SQL Server\160\DTS\Binn\;C:\Program Files (x86)\Microsoft SQL Server\160\Tools\Binn\;C:\Program Files\Microsoft SQL Server\160\Tools\Binn\;C:\Program Files\Microsoft SQL Server\160\DTS\Binn\;C:\Program Files\Git\cmd;C:\Users\user\AppData\Local\Microsoft\WindowsApps;C:\Users\user\AppData\Local\Muse Hub\lib;C:\Users\user\AppData\Local\Programs\Microsoft VS Code\bin;C:\Users\user\AppData\Roaming\npm;C:\Users\user\.dotnet\tools;C:\WINDOWS\system32;
USERNAME=user
OS=Windows_NT
PROCESSOR_IDENTIFIER=Intel64 Family 6 Model 183 Stepping 1, GenuineIntel



---------------  S Y S T E M  ---------------

OS: Windows 11 , 64 bit Build 26100 (10.0.26100.2454)

CPU:total 32 (initial active 32) (16 cores per cpu, 2 threads per core) family 6 model 183 stepping 1, cmov, cx8, fxsr, mmx, sse, sse2, sse3, ssse3, sse4.1, sse4.2, popcnt, avx, avx2, aes, clmul, erms, 3dnowpref, lzcnt, ht, tsc, tscinvbit, bmi1, bmi2, adx

Memory: 4k page, physical 66843580k(52404868k free), swap 71037884k(47448764k free)

vm_info: OpenJDK 64-Bit Server VM (25.442-b06) for windows-amd64 JRE (1.8.0_442-b06), built on Jan 22 2025 02:15:53 by "ContainerUser" with unknown MS VC++:1937

time: Sun Feb  2 20:15:06 2025
timezone: Mitteleuropäische Zeit
elapsed time: 3.355289 seconds (0d 0h 0m 3s)

