#
# A fatal error has been detected by the Java Runtime Environment:
#
#  EXCEPTION_ACCESS_VIOLATION (0xc0000005) at pc=0x000000005d5249ba, pid=37732, tid=0x0000000000008450
#
# JRE version: OpenJDK Runtime Environment (8.0_442-b06) (build 1.8.0_442-b06)
# Java VM: OpenJDK 64-Bit Server VM (25.442-b06 mixed mode windows-amd64 compressed oops)
# Problematic frame:
# V  [jvm.dll+0xf49ba]
#
# Failed to write core dump. Minidumps are not enabled by default on client versions of Windows
#
# If you would like to submit a bug report, please visit:
#   https://github.com/adoptium/adoptium-support/issues
#

---------------  T H R E A D  ---------------

Current thread (0x000001e2b263b000):  VMThread [stack: 0x0000003000900000,0x0000003000a00000] [id=33872]

siginfo: ExceptionCode=0xc0000005, reading address 0x0000000000c40000

Registers:
RAX=0x0000000000c40000, RBX=0x00000000d94459d4, RCX=0x0000000000000000, RDX=0x000000000000004d
RSP=0x00000030009fe590, RBP=0x00000000d94459d8, RSI=0x0000000100001938, RDI=0x0000000000c40000
R8 =0x00000001000016d0, R9 =0x000000000000001f, R10=0x000001e29b0b0240, R11=0x000001e2c63ce960
R12=0x0000000000000000, R13=0x0000000000000010, R14=0x0000000100001940, R15=0x00000000d94459c8
RIP=0x000000005d5249ba, EFLAGS=0x0000000000010206

Top of Stack: (sp=0x00000030009fe590)
0x00000030009fe590:   00000000d9445a04 000000005d5346cd
0x00000030009fe5a0:   00000000000003d8 00000001000313a8
0x00000030009fe5b0:   0000000000001000 00000000d9206db0
0x00000030009fe5c0:   000001e2c6ff40f0 000000005d69b6f3
0x00000030009fe5d0:   0000000000001000 00000000d94459c8
0x00000030009fe5e0:   000000000000000c 000000005dbfc058
0x00000030009fe5f0:   00000000d8c15d20 000001e200001000
0x00000030009fe600:   000001e2b45ebe00 000001e2b45ed230
0x00000030009fe610:   0000000000000000 00000030009fed60
0x00000030009fe620:   000000005dbfc058 0000000000000000
0x00000030009fe630:   000001e2b39b4000 000000005d654f90
0x00000030009fe640:   0000000000000000 000001e2b39b4000
0x00000030009fe650:   000000005dbfc0a0 000001e2b45ed9d0
0x00000030009fe660:   00000030009fe7a0 000000005d4c585e
0x00000030009fe670:   000001e2cc3e9f68 000001e2b2639d90
0x00000030009fe680:   000001e2c7402ce0 000000005d4b09ff 

Instructions: (pc=0x000000005d5249ba)
0x000000005d52499a:   8d 2c 83 48 3b dd 73 41 8b 03 85 c0 74 32 8b 0d
0x000000005d5249aa:   2a 5c 6b 00 8b f8 48 d3 e7 48 03 3d 16 5c 6b 00
0x000000005d5249ba:   48 8b 07 24 03 3c 03 74 17 48 8b cf e8 a5 f6 ff
0x000000005d5249ca:   ff 48 8b d7 48 8d 0d 2b 75 6d 00 e8 76 ce fc ff 


Register to memory mapping:

RAX=0x0000000000c40000 is an unknown value
RBX=0x00000000d94459d4 is pointing into object: 0x00000000d94459c8
java.lang.String 
 - klass: 'java/lang/String'
RCX=0x0000000000000000 is an unknown value
RDX=0x000000000000004d is an unknown value
RSP=0x00000030009fe590 is an unknown value
RBP=0x00000000d94459d8 is pointing into object: 0x00000000d94459c8
java.lang.String 
 - klass: 'java/lang/String'
RSI=0x0000000100001938 is pointing into metadata
RDI=0x0000000000c40000 is an unknown value
R8 =0x00000001000016d0 is pointing into metadata
R9 =0x000000000000001f is an unknown value
R10=0x000001e29b0b0240 is an unknown value
R11=0x000001e2c63ce960 is an unknown value
R12=0x0000000000000000 is an unknown value
R13=0x0000000000000010 is an unknown value
R14=0x0000000100001940 is pointing into metadata
R15=0x00000000d94459c8 is an oop
java.lang.String 
 - klass: 'java/lang/String'


Stack: [0x0000003000900000,0x0000003000a00000],  sp=0x00000030009fe590,  free space=1017k
Native frames: (J=compiled Java code, j=interpreted, Vv=VM code, C=native code)
V  [jvm.dll+0xf49ba]
V  [jvm.dll+0x26b6f3]
V  [jvm.dll+0x224f90]
V  [jvm.dll+0x22555e]
V  [jvm.dll+0xc5b44]
V  [jvm.dll+0xc98db]
V  [jvm.dll+0x39e84d]
V  [jvm.dll+0x39b8db]
V  [jvm.dll+0x39c98b]
V  [jvm.dll+0xc5102]
V  [jvm.dll+0xc5518]
V  [jvm.dll+0x270790]
V  [jvm.dll+0x22ef94]
V  [jvm.dll+0x22d2e8]
V  [jvm.dll+0x22dab4]
V  [jvm.dll+0x22ddb2]
V  [jvm.dll+0x27826c]
C  [ucrtbase.dll+0x14ea0]
C  [KERNEL32.DLL+0x2e8d7]
C  [ntdll.dll+0xdfbcc]

VM_Operation (0x000000307eafedb0): GenCollectFull, mode: safepoint, requested by thread 0x000001e29aff5800


---------------  P R O C E S S  ---------------

Java Threads: ( => current thread )
  0x000001e2b39b4000 JavaThread "HttpPipelineReceiver" daemon [_thread_blocked, id=41516, stack(0x0000003004820000,0x0000003004920000)]
  0x000001e2b39b1800 JavaThread "HttpPipelineSender" daemon [_thread_blocked, id=25580, stack(0x0000003004720000,0x0000003004820000)]
  0x000001e2b30d0800 JavaThread "Thread-12" [_thread_blocked, id=40780, stack(0x0000003004620000,0x0000003004720000)]
  0x000001e2b8cf8800 JavaThread "Texture Downloader #1" daemon [_thread_blocked, id=20464, stack(0x0000003004520000,0x0000003004620000)]
  0x000001e2b8cfa800 JavaThread "Netty Server IO #1" daemon [_thread_in_native, id=4860, stack(0x0000003004420000,0x0000003004520000)]
  0x000001e2b8cfa000 JavaThread "Netty Local Client IO #0" daemon [_thread_blocked, id=7428, stack(0x0000003004320000,0x0000003004420000)]
  0x000001e2b8cf9000 JavaThread "Netty Server IO #0" daemon [_thread_in_native, id=16424, stack(0x0000003004220000,0x0000003004320000)]
  0x000001e2b8cf4800 JavaThread "Server thread" [_thread_blocked, id=23652, stack(0x0000003004120000,0x0000003004220000)]
  0x000001e2b8cf7800 JavaThread "Snooper Timer" daemon [_thread_blocked, id=8976, stack(0x0000003004020000,0x0000003004120000)]
  0x000001e2b8cf3800 JavaThread "Netty Client IO #0" daemon [_thread_in_native, id=36780, stack(0x0000003003e20000,0x0000003003f20000)]
  0x000001e2b8cf5000 JavaThread "Server Pinger #1" daemon [_thread_blocked, id=1256, stack(0x0000003003d20000,0x0000003003e20000)]
  0x000001e2b8cf6800 JavaThread "Thread-10" daemon [_thread_in_native, id=38764, stack(0x0000003003c20000,0x0000003003d20000)]
  0x000001e2b8cf2000 JavaThread "Server Pinger #0" daemon [_thread_blocked, id=18132, stack(0x0000003003b20000,0x0000003003c20000)]
  0x000001e2b8cf0800 JavaThread "LanServerDetector #1" daemon [_thread_in_native, id=9104, stack(0x0000003002d00000,0x0000003002e00000)]
  0x000001e2b8cf1000 JavaThread "LWJGL Timer" daemon [_thread_blocked, id=12196, stack(0x0000003003a20000,0x0000003003b20000)]
  0x000001e2b8cf3000 JavaThread "Chunk Batcher 4" daemon [_thread_blocked, id=41464, stack(0x0000003003920000,0x0000003003a20000)]
  0x000001e2b8cec800 JavaThread "Chunk Batcher 3" daemon [_thread_blocked, id=40248, stack(0x0000003003820000,0x0000003003920000)]
  0x000001e2b8cef800 JavaThread "Chunk Batcher 2" daemon [_thread_blocked, id=20692, stack(0x0000003003720000,0x0000003003820000)]
  0x000001e2b8cee000 JavaThread "Chunk Batcher 1" daemon [_thread_blocked, id=2628, stack(0x0000003003220000,0x0000003003320000)]
  0x000001e2b8ced800 JavaThread "Chunk Batcher 0" daemon [_thread_blocked, id=5952, stack(0x0000003002c00000,0x0000003002d00000)]
  0x000001e2b30d4000 JavaThread "Thread-8" [_thread_blocked, id=36952, stack(0x0000003003420000,0x0000003003520000)]
  0x000001e2b30d2800 JavaThread "Thread-7" [_thread_blocked, id=27308, stack(0x0000003003320000,0x0000003003420000)]
  0x000001e2b35f2000 JavaThread "AWT-Windows" daemon [_thread_in_native, id=32048, stack(0x0000003002e00000,0x0000003002f00000)]
  0x000001e2b5d11800 JavaThread "Java2D Disposer" daemon [_thread_blocked, id=22948, stack(0x0000003002500000,0x0000003002600000)]
  0x000001e2b73ac800 JavaThread "Timer hack thread" daemon [_thread_blocked, id=37724, stack(0x0000003002400000,0x0000003002500000)]
  0x000001e2b6e70800 JavaThread "Discord RPC Callback" [_thread_blocked, id=35584, stack(0x0000003002300000,0x0000003002400000)]
  0x000001e2b5b95800 JavaThread "Snooper Timer" daemon [_thread_blocked, id=39448, stack(0x0000003002200000,0x0000003002300000)]
  0x000001e2b43c5800 JavaThread "Snooper Timer" daemon [_thread_blocked, id=36500, stack(0x0000003002000000,0x0000003002100000)]
  0x000001e2b3101800 JavaThread "Service Thread" daemon [_thread_blocked, id=38464, stack(0x0000003001e00000,0x0000003001f00000)]
  0x000001e2b30d3800 JavaThread "C1 CompilerThread14" daemon [_thread_blocked, id=19560, stack(0x0000003001d00000,0x0000003001e00000)]
  0x000001e2b2767000 JavaThread "C1 CompilerThread13" daemon [_thread_blocked, id=22800, stack(0x0000003001c00000,0x0000003001d00000)]
  0x000001e2b275e000 JavaThread "C1 CompilerThread12" daemon [_thread_blocked, id=7100, stack(0x0000003001b00000,0x0000003001c00000)]
  0x000001e2b2755800 JavaThread "C1 CompilerThread11" daemon [_thread_blocked, id=15288, stack(0x0000003001a00000,0x0000003001b00000)]
  0x000001e2b2742800 JavaThread "C1 CompilerThread10" daemon [_thread_blocked, id=40624, stack(0x0000003001900000,0x0000003001a00000)]
  0x000001e2b272e000 JavaThread "C2 CompilerThread9" daemon [_thread_blocked, id=10996, stack(0x0000003001800000,0x0000003001900000)]
  0x000001e2b271c800 JavaThread "C2 CompilerThread8" daemon [_thread_blocked, id=5012, stack(0x0000003001700000,0x0000003001800000)]
  0x000001e2b2711800 JavaThread "C2 CompilerThread7" daemon [_thread_blocked, id=36972, stack(0x0000003001600000,0x0000003001700000)]
  0x000001e2b270e000 JavaThread "C2 CompilerThread6" daemon [_thread_blocked, id=38496, stack(0x0000003001500000,0x0000003001600000)]
  0x000001e2b270d800 JavaThread "C2 CompilerThread5" daemon [_thread_blocked, id=17380, stack(0x0000003001400000,0x0000003001500000)]
  0x000001e2b26e5800 JavaThread "C2 CompilerThread4" daemon [_thread_blocked, id=38552, stack(0x0000003001300000,0x0000003001400000)]
  0x000001e2b26b7000 JavaThread "C2 CompilerThread3" daemon [_thread_blocked, id=8452, stack(0x0000003001200000,0x0000003001300000)]
  0x000001e2b269f800 JavaThread "C2 CompilerThread2" daemon [_thread_blocked, id=11388, stack(0x0000003001100000,0x0000003001200000)]
  0x000001e2b269f000 JavaThread "C2 CompilerThread1" daemon [_thread_blocked, id=22428, stack(0x0000003001000000,0x0000003001100000)]
  0x000001e2b26a6000 JavaThread "C2 CompilerThread0" daemon [_thread_blocked, id=3300, stack(0x0000003000f00000,0x0000003001000000)]
  0x000001e2b2698800 JavaThread "Attach Listener" daemon [_thread_blocked, id=37616, stack(0x0000003000e00000,0x0000003000f00000)]
  0x000001e2b2698000 JavaThread "Signal Dispatcher" daemon [_thread_blocked, id=2616, stack(0x0000003000d00000,0x0000003000e00000)]
  0x000001e2b2697000 JavaThread "Surrogate Locker Thread (Concurrent GC)" daemon [_thread_blocked, id=40888, stack(0x0000003000c00000,0x0000003000d00000)]
  0x000001e2b266c800 JavaThread "Finalizer" daemon [_thread_blocked, id=39860, stack(0x0000003000b00000,0x0000003000c00000)]
  0x000001e2b2666000 JavaThread "Reference Handler" daemon [_thread_blocked, id=16456, stack(0x0000003000a00000,0x0000003000b00000)]
  0x000001e29aff5800 JavaThread "Client thread" [_thread_blocked, id=41624, stack(0x000000307ea00000,0x000000307eb00000)]

Other Threads:
=>0x000001e2b263b000 VMThread [stack: 0x0000003000900000,0x0000003000a00000] [id=33872]
  0x000001e2b3102800 WatcherThread [stack: 0x0000003001f00000,0x0000003002000000] [id=40584]

VM state:at safepoint (normal execution)

VM Mutex/Monitor currently owned by a thread:  ([mutex/lock_event])
[0x000001e29aff0670] Threads_lock - owner thread: 0x000001e2b263b000
[0x000001e29aff1f00] Heap_lock - owner thread: 0x000001e29aff5800

heap address: 0x00000000c0000000, size: 1024 MB, Compressed Oops mode: 32-bit
Narrow klass base: 0x0000000000000000, Narrow klass shift: 3
Compressed class space size: 1073741824 Address: 0x0000000100000000

Heap:
 par new generation   total 314560K, used 131766K [0x00000000c0000000, 0x00000000d5550000, 0x00000000d5550000)
  eden space 279616K,  34% used [0x00000000c0000000, 0x00000000c5e8d968, 0x00000000d1110000)
  from space 34944K, 100% used [0x00000000d3330000, 0x00000000d5550000, 0x00000000d5550000)
  to   space 34944K,   0% used [0x00000000d1110000, 0x00000000d1110000, 0x00000000d3330000)
 concurrent mark-sweep generation total 699072K, used 101203K [0x00000000d5550000, 0x0000000100000000, 0x0000000100000000)
 Metaspace       used 43390K, capacity 43725K, committed 44200K, reserved 1087488K
  class space    used 5156K, capacity 5257K, committed 5328K, reserved 1048576K

Card table byte_map: [0x000001e2ac140000,0x000001e2ac350000] byte_map_base: 0x000001e2abb40000

Marking Bits: (CMSBitMap*) 0x000001e29b0a5408
 Bits: [0x000001e2add40000, 0x000001e2ae7eac00)

Mod Union Table: (CMSBitMap*) 0x000001e29b0a54c8
 Bits: [0x000001e29b3c0000, 0x000001e29b3eaab0)

Polling page: 0x000001e29b390000

CodeCache: size=245760Kb used=20446Kb max_used=20446Kb free=225313Kb
 bounds [0x000001e29cd80000, 0x000001e29e1a0000, 0x000001e2abd80000]
 total_blobs=6158 nmethods=5254 adapters=812
 compilation: enabled

Compilation events (10 events):
Event: 21.917 Thread 0x000001e2b2767000 6495       3       net.minecraft.world.gen.layer.GenLayerBiomeEdge::replaceBiomeEdgeIfNecessary (159 bytes)
Event: 21.917 Thread 0x000001e2b275e000 6496   !   3       net.minecraft.world.gen.layer.GenLayer::biomesEqualOrMesaPlateau (167 bytes)
Event: 21.917 Thread 0x000001e2b2755800 nmethod 6494 0x000001e29e190e10 code [0x000001e29e190fc0, 0x000001e29e1914a0]
Event: 21.917 Thread 0x000001e2b2767000 nmethod 6495 0x000001e29e190290 code [0x000001e29e190460, 0x000001e29e1909b0]
Event: 21.917 Thread 0x000001e2b30d3800 6497 %     3       net.minecraft.world.gen.layer.GenLayerZoom::getInts @ 123 (324 bytes)
Event: 21.917 Thread 0x000001e2b2767000 6498       3       net.minecraft.world.gen.layer.GenLayerAddIsland::getInts (446 bytes)
Event: 21.917 Thread 0x000001e2b275e000 nmethod 6496 0x000001e29e18e390 code [0x000001e29e18e660, 0x000001e29e18f7a0]
Event: 21.917 Thread 0x000001e2b30d3800 nmethod 6497% 0x000001e29e192690 code [0x000001e29e1928c0, 0x000001e29e193ae0]
Event: 21.917 Thread 0x000001e2b2767000 nmethod 6498 0x000001e29e194590 code [0x000001e29e194800, 0x000001e29e195ab0]
Event: 21.918 Thread 0x000001e2b2742800 6499       3       net.minecraft.world.gen.layer.GenLayerZoom::getInts (324 bytes)

GC Heap History (10 events):
Event: 18.637 GC heap after
Heap after GC invocations=15 (full 2):
 par new generation   total 314560K, used 3050K [0x00000000c0000000, 0x00000000d5550000, 0x00000000d5550000)
  eden space 279616K,   0% used [0x00000000c0000000, 0x00000000c0000000, 0x00000000d1110000)
  from space 34944K,   8% used [0x00000000d3330000, 0x00000000d362ab88, 0x00000000d5550000)
  to   space 34944K,   0% used [0x00000000d1110000, 0x00000000d1110000, 0x00000000d3330000)
 concurrent mark-sweep generation total 699072K, used 91178K [0x00000000d5550000, 0x0000000100000000, 0x0000000100000000)
 Metaspace       used 41601K, capacity 41899K, committed 42280K, reserved 1087488K
  class space    used 5037K, capacity 5150K, committed 5200K, reserved 1048576K
}
Event: 20.136 GC heap before
{Heap before GC invocations=15 (full 2):
 par new generation   total 314560K, used 282666K [0x00000000c0000000, 0x00000000d5550000, 0x00000000d5550000)
  eden space 279616K, 100% used [0x00000000c0000000, 0x00000000d1110000, 0x00000000d1110000)
  from space 34944K,   8% used [0x00000000d3330000, 0x00000000d362ab88, 0x00000000d5550000)
  to   space 34944K,   0% used [0x00000000d1110000, 0x00000000d1110000, 0x00000000d3330000)
 concurrent mark-sweep generation total 699072K, used 91178K [0x00000000d5550000, 0x0000000100000000, 0x0000000100000000)
 Metaspace       used 41783K, capacity 42091K, committed 42536K, reserved 1087488K
  class space    used 5050K, capacity 5150K, committed 5200K, reserved 1048576K
Event: 20.138 GC heap after
Heap after GC invocations=16 (full 2):
 par new generation   total 314560K, used 2423K [0x00000000c0000000, 0x00000000d5550000, 0x00000000d5550000)
  eden space 279616K,   0% used [0x00000000c0000000, 0x00000000c0000000, 0x00000000d1110000)
  from space 34944K,   6% used [0x00000000d1110000, 0x00000000d136de98, 0x00000000d3330000)
  to   space 34944K,   0% used [0x00000000d3330000, 0x00000000d3330000, 0x00000000d5550000)
 concurrent mark-sweep generation total 699072K, used 91182K [0x00000000d5550000, 0x0000000100000000, 0x0000000100000000)
 Metaspace       used 41783K, capacity 42091K, committed 42536K, reserved 1087488K
  class space    used 5050K, capacity 5150K, committed 5200K, reserved 1048576K
}
Event: 20.859 GC heap before
{Heap before GC invocations=16 (full 2):
 par new generation   total 314560K, used 140507K [0x00000000c0000000, 0x00000000d5550000, 0x00000000d5550000)
  eden space 279616K,  49% used [0x00000000c0000000, 0x00000000c86d8e38, 0x00000000d1110000)
  from space 34944K,   6% used [0x00000000d1110000, 0x00000000d136de98, 0x00000000d3330000)
  to   space 34944K,   0% used [0x00000000d3330000, 0x00000000d3330000, 0x00000000d5550000)
 concurrent mark-sweep generation total 699072K, used 91182K [0x00000000d5550000, 0x0000000100000000, 0x0000000100000000)
 Metaspace       used 41811K, capacity 42091K, committed 42536K, reserved 1087488K
  class space    used 5054K, capacity 5150K, committed 5200K, reserved 1048576K
Event: 20.965 GC heap after
Heap after GC invocations=17 (full 3):
 par new generation   total 314560K, used 0K [0x00000000c0000000, 0x00000000d5550000, 0x00000000d5550000)
  eden space 279616K,   0% used [0x00000000c0000000, 0x00000000c0000000, 0x00000000d1110000)
  from space 34944K,   0% used [0x00000000d1110000, 0x00000000d1110000, 0x00000000d3330000)
  to   space 34944K,   0% used [0x00000000d3330000, 0x00000000d3330000, 0x00000000d5550000)
 concurrent mark-sweep generation total 699072K, used 88768K [0x00000000d5550000, 0x0000000100000000, 0x0000000100000000)
 Metaspace       used 41811K, capacity 42091K, committed 42536K, reserved 1087488K
  class space    used 5054K, capacity 5150K, committed 5200K, reserved 1048576K
}
Event: 20.965 GC heap before
{Heap before GC invocations=17 (full 3):
 par new generation   total 314560K, used 6244K [0x00000000c0000000, 0x00000000d5550000, 0x00000000d5550000)
  eden space 279616K,   2% used [0x00000000c0000000, 0x00000000c0619050, 0x00000000d1110000)
  from space 34944K,   0% used [0x00000000d1110000, 0x00000000d1110000, 0x00000000d3330000)
  to   space 34944K,   0% used [0x00000000d3330000, 0x00000000d3330000, 0x00000000d5550000)
 concurrent mark-sweep generation total 699072K, used 88768K [0x00000000d5550000, 0x0000000100000000, 0x0000000100000000)
 Metaspace       used 41811K, capacity 42091K, committed 42536K, reserved 1087488K
  class space    used 5054K, capacity 5150K, committed 5200K, reserved 1048576K
Event: 21.026 GC heap after
Heap after GC invocations=18 (full 4):
 par new generation   total 314560K, used 0K [0x00000000c0000000, 0x00000000d5550000, 0x00000000d5550000)
  eden space 279616K,   0% used [0x00000000c0000000, 0x00000000c0000000, 0x00000000d1110000)
  from space 34944K,   0% used [0x00000000d1110000, 0x00000000d1110000, 0x00000000d3330000)
  to   space 34944K,   0% used [0x00000000d3330000, 0x00000000d3330000, 0x00000000d5550000)
 concurrent mark-sweep generation total 699072K, used 88769K [0x00000000d5550000, 0x0000000100000000, 0x0000000100000000)
 Metaspace       used 41811K, capacity 42091K, committed 42536K, reserved 1087488K
  class space    used 5054K, capacity 5150K, committed 5200K, reserved 1048576K
}
Event: 21.755 GC heap before
{Heap before GC invocations=18 (full 5):
 par new generation   total 314560K, used 279616K [0x00000000c0000000, 0x00000000d5550000, 0x00000000d5550000)
  eden space 279616K, 100% used [0x00000000c0000000, 0x00000000d1110000, 0x00000000d1110000)
  from space 34944K,   0% used [0x00000000d1110000, 0x00000000d1110000, 0x00000000d3330000)
  to   space 34944K,   0% used [0x00000000d3330000, 0x00000000d3330000, 0x00000000d5550000)
 concurrent mark-sweep generation total 699072K, used 88744K [0x00000000d5550000, 0x0000000100000000, 0x0000000100000000)
 Metaspace       used 42594K, capacity 42933K, committed 43304K, reserved 1087488K
  class space    used 5083K, capacity 5189K, committed 5200K, reserved 1048576K
Event: 21.763 GC heap after
Heap after GC invocations=19 (full 5):
 par new generation   total 314560K, used 34944K [0x00000000c0000000, 0x00000000d5550000, 0x00000000d5550000)
  eden space 279616K,   0% used [0x00000000c0000000, 0x00000000c0000000, 0x00000000d1110000)
  from space 34944K, 100% used [0x00000000d3330000, 0x00000000d5550000, 0x00000000d5550000)
  to   space 34944K,   0% used [0x00000000d1110000, 0x00000000d1110000, 0x00000000d3330000)
 concurrent mark-sweep generation total 699072K, used 101203K [0x00000000d5550000, 0x0000000100000000, 0x0000000100000000)
 Metaspace       used 42594K, capacity 42933K, committed 43304K, reserved 1087488K
  class space    used 5083K, capacity 5189K, committed 5200K, reserved 1048576K
}
Event: 21.918 GC heap before
{Heap before GC invocations=19 (full 5):
 par new generation   total 314560K, used 131766K [0x00000000c0000000, 0x00000000d5550000, 0x00000000d5550000)
  eden space 279616K,  34% used [0x00000000c0000000, 0x00000000c5e8d968, 0x00000000d1110000)
  from space 34944K, 100% used [0x00000000d3330000, 0x00000000d5550000, 0x00000000d5550000)
  to   space 34944K,   0% used [0x00000000d1110000, 0x00000000d1110000, 0x00000000d3330000)
 concurrent mark-sweep generation total 699072K, used 101203K [0x00000000d5550000, 0x0000000100000000, 0x0000000100000000)
 Metaspace       used 43390K, capacity 43725K, committed 44200K, reserved 1087488K
  class space    used 5156K, capacity 5257K, committed 5328K, reserved 1048576K

Deoptimization events (10 events):
Event: 21.913 Thread 0x000001e29aff5800 Uncommon trap: reason=class_check action=maybe_recompile pc=0x000001e29db2d210 method=java.util.regex.Pattern$5.isSatisfiedBy(I)Z @ 16
Event: 21.916 Thread 0x000001e29aff5800 Uncommon trap: reason=class_check action=maybe_recompile pc=0x000001e29dd7af4c method=net.minecraft.world.World.isChunkLoaded(IIZ)Z @ 6
Event: 21.916 Thread 0x000001e29aff5800 Uncommon trap: reason=unstable_if action=reinterpret pc=0x000001e29dd38908 method=net.minecraft.world.chunk.Chunk.getBlockState(Lnet/minecraft/util/BlockPos;)Lnet/minecraft/block/state/IBlockState; @ 101
Event: 21.916 Thread 0x000001e29aff5800 Uncommon trap: reason=class_check action=maybe_recompile pc=0x000001e29dd7af4c method=net.minecraft.world.World.isChunkLoaded(IIZ)Z @ 6
Event: 21.916 Thread 0x000001e29aff5800 Uncommon trap: reason=class_check action=maybe_recompile pc=0x000001e29dd7af4c method=net.minecraft.world.World.isChunkLoaded(IIZ)Z @ 6
Event: 21.916 Thread 0x000001e29aff5800 Uncommon trap: reason=unstable_if action=reinterpret pc=0x000001e29d456cec method=net.minecraft.world.gen.layer.GenLayer.biomesEqualOrMesaPlateau(II)Z @ 24
Event: 21.916 Thread 0x000001e29aff5800 Uncommon trap: reason=unstable_if action=reinterpret pc=0x000001e29d4281e8 method=net.minecraft.world.gen.layer.GenLayerBiomeEdge.replaceBiomeEdge([I[IIIIIII)Z @ 4
Event: 21.917 Thread 0x000001e29aff5800 Uncommon trap: reason=unstable_if action=reinterpret pc=0x000001e29d396f50 method=net.minecraft.world.gen.layer.GenLayer.biomesEqualOrMesaPlateau(II)Z @ 24
Event: 21.917 Thread 0x000001e2b8cf4800 Uncommon trap: reason=unstable_if action=reinterpret pc=0x000001e29d4214bc method=net.minecraft.world.gen.layer.IntCache.getIntCache(I)[I @ 123
Event: 21.917 Thread 0x000001e29aff5800 Uncommon trap: reason=unstable_if action=reinterpret pc=0x000001e29d948fdc method=net.minecraft.world.gen.layer.IntCache.getIntCache(I)[I @ 123

Classes redefined (0 events):
No events

Internal exceptions (10 events):
Event: 19.787 Thread 0x000001e2b30d2800 Exception <a 'java/lang/InterruptedException': sleep interrupted> (0x00000000cd42b650) thrown at [C:\workspace\openjdk-build\workspace\build\src\hotspot\src\share\vm\prims\jvm.cpp, line 3327]
Event: 20.287 Thread 0x000001e2b30d2800 Exception <a 'java/lang/InterruptedException': sleep interrupted> (0x00000000c1ff45f0) thrown at [C:\workspace\openjdk-build\workspace\build\src\hotspot\src\share\vm\prims\jvm.cpp, line 3374]
Event: 20.287 Thread 0x000001e2b30d2800 Exception <a 'java/lang/InterruptedException': sleep interrupted> (0x00000000c1ff5420) thrown at [C:\workspace\openjdk-build\workspace\build\src\hotspot\src\share\vm\prims\jvm.cpp, line 3327]
Event: 20.754 Thread 0x000001e2b30d2800 Exception <a 'java/lang/InterruptedException': sleep interrupted> (0x00000000c1ff5678) thrown at [C:\workspace\openjdk-build\workspace\build\src\hotspot\src\share\vm\prims\jvm.cpp, line 3374]
Event: 20.859 Thread 0x000001e2b30d2800 Exception <a 'java/lang/InterruptedException': sleep interrupted> (0x00000000c1ff58d0) thrown at [C:\workspace\openjdk-build\workspace\build\src\hotspot\src\share\vm\prims\jvm.cpp, line 3374]
Event: 21.027 Thread 0x000001e2b8cf7800 Exception <a 'java/net/UnknownHostException'> (0x00000000c0000000) thrown at [C:\workspace\openjdk-build\workspace\build\src\hotspot\src\share\vm\prims\jni.cpp, line 712]
Event: 21.064 Thread 0x000001e2b8cf4800 Implicit null exception at 0x000001e29da85b3f to 0x000001e29da85d19
Event: 21.064 Thread 0x000001e2b8cf4800 Implicit null exception at 0x000001e29d9051a7 to 0x000001e29d9059c9
Event: 21.852 Thread 0x000001e2b8cf4800 Implicit null exception at 0x000001e29dc865d3 to 0x000001e29dc8668d
Event: 21.916 Thread 0x000001e29aff5800 Implicit null exception at 0x000001e29dd385bb to 0x000001e29dd388f1

Events (10 events):
Event: 21.917 Thread 0x000001e29aff5800 Uncommon trap: trap_request=0xffffff65 fr.pc=0x000001e29d948fdc
Event: 21.917 Thread 0x000001e29aff5800 DEOPT PACKING pc=0x000001e29d948fdc sp=0x000000307eafced0
Event: 21.917 Thread 0x000001e29aff5800 DEOPT UNPACKING pc=0x000001e29cdc5583 sp=0x000000307eafceb0 mode 2
Event: 21.917 Thread 0x000001e2b39b1800 Thread added: 0x000001e2b39b1800
Event: 21.917 loading class net/optifine/http/HttpPipelineReceiver
Event: 21.917 loading class net/optifine/http/HttpPipelineReceiver done
Event: 21.918 Thread 0x000001e2b8cf4800 DEOPT PACKING pc=0x000001e29e195883 sp=0x000000300421d170
Event: 21.918 Thread 0x000001e2b8cf4800 DEOPT UNPACKING pc=0x000001e29cdc75d8 sp=0x000000300421ce98 mode 0
Event: 21.918 Executing VM operation: GenCollectFull
Event: 21.918 Thread 0x000001e2b39b4000 Thread added: 0x000001e2b39b4000


Dynamic libraries:
0x00007ff691970000 - 0x00007ff6919bd000 	C:\Program Files\Eclipse Adoptium\jdk-8.0.442.6-hotspot\bin\javaw.exe
0x00007ffe77ba0000 - 0x00007ffe77e03000 	C:\WINDOWS\SYSTEM32\ntdll.dll
0x00007ffe77250000 - 0x00007ffe77318000 	C:\WINDOWS\System32\KERNEL32.DLL
0x00007ffe75230000 - 0x00007ffe755e2000 	C:\WINDOWS\System32\KERNELBASE.dll
0x00007ffe77980000 - 0x00007ffe77a34000 	C:\WINDOWS\System32\ADVAPI32.dll
0x00007ffe76080000 - 0x00007ffe76129000 	C:\WINDOWS\System32\msvcrt.dll
0x00007ffe77800000 - 0x00007ffe778a6000 	C:\WINDOWS\System32\sechost.dll
0x00007ffe75ae0000 - 0x00007ffe75bf6000 	C:\WINDOWS\System32\RPCRT4.dll
0x00007ffe76a20000 - 0x00007ffe76be8000 	C:\WINDOWS\System32\USER32.dll
0x00007ffe75000000 - 0x00007ffe75027000 	C:\WINDOWS\System32\win32u.dll
0x00007ffe778b0000 - 0x00007ffe778da000 	C:\WINDOWS\System32\GDI32.dll
0x00007ffe756b0000 - 0x00007ffe757db000 	C:\WINDOWS\System32\gdi32full.dll
0x00007ffe75180000 - 0x00007ffe75223000 	C:\WINDOWS\System32\msvcp_win.dll
0x00007ffe75030000 - 0x00007ffe7517b000 	C:\WINDOWS\System32\ucrtbase.dll
0x00007ffe5d560000 - 0x00007ffe5d7f0000 	C:\WINDOWS\WinSxS\amd64_microsoft.windows.common-controls_6595b64144ccf1df_6.0.26100.2454_none_3e0b68a2e331ad60\COMCTL32.dll
0x00007ffe77120000 - 0x00007ffe7714f000 	C:\WINDOWS\System32\IMM32.DLL
0x00007ffe3a520000 - 0x00007ffe3a53e000 	C:\Program Files\Eclipse Adoptium\jdk-8.0.442.6-hotspot\jre\bin\vcruntime140.dll
0x00007ffe52840000 - 0x00007ffe5284c000 	C:\Program Files\Eclipse Adoptium\jdk-8.0.442.6-hotspot\jre\bin\vcruntime140_1.dll
0x00007ffda7350000 - 0x00007ffda73dd000 	C:\Program Files\Eclipse Adoptium\jdk-8.0.442.6-hotspot\jre\bin\msvcp140.dll
0x000000005d430000 - 0x000000005dcc6000 	C:\Program Files\Eclipse Adoptium\jdk-8.0.442.6-hotspot\jre\bin\server\jvm.dll
0x00007ffe77110000 - 0x00007ffe77118000 	C:\WINDOWS\System32\PSAPI.DLL
0x00007ffe4dd70000 - 0x00007ffe4dd7a000 	C:\WINDOWS\SYSTEM32\WSOCK32.dll
0x00007ffe6c0c0000 - 0x00007ffe6c0cb000 	C:\WINDOWS\SYSTEM32\VERSION.dll
0x00007ffe674e0000 - 0x00007ffe67516000 	C:\WINDOWS\SYSTEM32\WINMM.dll
0x00007ffe76840000 - 0x00007ffe768b4000 	C:\WINDOWS\System32\WS2_32.dll
0x00007ffe73e80000 - 0x00007ffe73e9a000 	C:\WINDOWS\SYSTEM32\kernel.appcore.dll
0x00007ffe51590000 - 0x00007ffe515a0000 	C:\Program Files\Eclipse Adoptium\jdk-8.0.442.6-hotspot\jre\bin\verify.dll
0x00007ffe226d0000 - 0x00007ffe226fb000 	C:\Program Files\Eclipse Adoptium\jdk-8.0.442.6-hotspot\jre\bin\java.dll
0x00007ffe39fa0000 - 0x00007ffe39fb8000 	C:\Program Files\Eclipse Adoptium\jdk-8.0.442.6-hotspot\jre\bin\zip.dll
0x00007ffe76130000 - 0x00007ffe76831000 	C:\WINDOWS\System32\SHELL32.dll
0x00007ffe72c60000 - 0x00007ffe73491000 	C:\WINDOWS\SYSTEM32\windows.storage.dll
0x00007ffe75c60000 - 0x00007ffe75fde000 	C:\WINDOWS\System32\combase.dll
0x00007ffe77170000 - 0x00007ffe7724a000 	C:\WINDOWS\System32\SHCORE.dll
0x00007ffe75c00000 - 0x00007ffe75c5d000 	C:\WINDOWS\System32\shlwapi.dll
0x00007ffe74e80000 - 0x00007ffe74eae000 	C:\WINDOWS\SYSTEM32\profapi.dll
0x00007ffe45ce0000 - 0x00007ffe45ced000 	C:\Program Files\Eclipse Adoptium\jdk-8.0.442.6-hotspot\jre\bin\management.dll
0x00007ffe35e40000 - 0x00007ffe35e5c000 	C:\Program Files\Eclipse Adoptium\jdk-8.0.442.6-hotspot\jre\bin\net.dll
0x00007ffe74360000 - 0x00007ffe743c8000 	C:\WINDOWS\system32\mswsock.dll
0x00007ffe22490000 - 0x00007ffe224a3000 	C:\Program Files\Eclipse Adoptium\jdk-8.0.442.6-hotspot\jre\bin\nio.dll
0x00007ffe535b0000 - 0x00007ffe535c8000 	C:\WINDOWS\system32\napinsp.dll
0x00007ffe73820000 - 0x00007ffe73945000 	C:\WINDOWS\SYSTEM32\DNSAPI.dll
0x00007ffe737e0000 - 0x00007ffe73812000 	C:\WINDOWS\SYSTEM32\IPHLPAPI.DLL
0x00007ffe77100000 - 0x00007ffe7710a000 	C:\WINDOWS\System32\NSI.dll
0x00007ffe515a0000 - 0x00007ffe515b2000 	C:\WINDOWS\System32\winrnr.dll
0x00007ffe4e280000 - 0x00007ffe4e2a2000 	C:\WINDOWS\system32\nlansp_c.dll
0x00007ffe6d700000 - 0x00007ffe6d716000 	C:\WINDOWS\system32\wshbth.dll
0x00007ffe6d2f0000 - 0x00007ffe6d375000 	C:\WINDOWS\System32\fwpuclnt.dll
0x00007ffe5cd00000 - 0x00007ffe5cd0b000 	C:\Windows\System32\rasadhlp.dll
0x0000000180000000 - 0x0000000180053000 	C:\Users\user\Desktop\Coding\ezclient\ezclient\ezclient\jars\versions\1.8.9\1.8.9-natives\lwjgl64.dll
0x00007ffdf8630000 - 0x00007ffdf873c000 	C:\WINDOWS\SYSTEM32\OPENGL32.dll
0x00007ffe1bb20000 - 0x00007ffe1bb4d000 	C:\WINDOWS\SYSTEM32\GLU32.dll
0x00007ffe723e0000 - 0x00007ffe72427000 	C:\WINDOWS\SYSTEM32\dxcore.dll
0x00007ffe74710000 - 0x00007ffe7472c000 	C:\WINDOWS\SYSTEM32\CRYPTSP.dll
0x00007ffe73de0000 - 0x00007ffe73e18000 	C:\WINDOWS\system32\rsaenh.dll
0x00007ffe74400000 - 0x00007ffe7442b000 	C:\WINDOWS\SYSTEM32\USERENV.dll
0x00007ffe748a0000 - 0x00007ffe748c6000 	C:\WINDOWS\SYSTEM32\bcrypt.dll
0x00007ffe757e0000 - 0x00007ffe75879000 	C:\WINDOWS\System32\bcryptprimitives.dll
0x00007ffe74590000 - 0x00007ffe7459c000 	C:\WINDOWS\SYSTEM32\CRYPTBASE.dll
0x00007ffe6da60000 - 0x00007ffe6da7e000 	C:\WINDOWS\SYSTEM32\dhcpcsvc6.DLL
0x00007ffe6d790000 - 0x00007ffe6d7b5000 	C:\WINDOWS\SYSTEM32\dhcpcsvc.DLL
0x00007ffda41e0000 - 0x00007ffda435c000 	C:\Program Files\Eclipse Adoptium\jdk-8.0.442.6-hotspot\jre\bin\awt.dll
0x00007ffe75a00000 - 0x00007ffe75ad6000 	C:\WINDOWS\System32\OLEAUT32.dll
0x00007ffe706c0000 - 0x00007ffe7075c000 	C:\WINDOWS\SYSTEM32\apphelp.dll
0x000001e29b400000 - 0x000001e29b438000 	C:\Users\user\AppData\Local\Temp\jna\jna6030268530042849948.dll
0x00007ffda4140000 - 0x00007ffda41dc000 	C:\Users\user\AppData\Local\Temp\discord-rpc\discord-rpc.dll
0x00007ffe5d170000 - 0x00007ffe5d230000 	C:\WINDOWS\SYSTEM32\mscms.dll
0x00007ffe72250000 - 0x00007ffe722fd000 	C:\WINDOWS\system32\uxtheme.dll
0x00007ffe768c0000 - 0x00007ffe76a1c000 	C:\WINDOWS\System32\MSCTF.dll
0x00007ffe5ae10000 - 0x00007ffe5af56000 	C:\WINDOWS\SYSTEM32\textinputframework.dll
0x00007ffe675a0000 - 0x00007ffe675ba000 	C:\WINDOWS\SYSTEM32\windows.staterepositorycore.dll
0x00007ffdef0f0000 - 0x00007ffdf18dd000 	C:\WINDOWS\System32\DriverStore\FileRepository\nvmdi.inf_amd64_ce215582e5f83f90\nvoglv64.dll
0x00007ffe77370000 - 0x00007ffe777f6000 	C:\WINDOWS\System32\SETUPAPI.dll
0x00007ffe76f60000 - 0x00007ffe770f9000 	C:\WINDOWS\System32\ole32.dll
0x00007ffe706a0000 - 0x00007ffe706b5000 	C:\WINDOWS\SYSTEM32\WTSAPI32.dll
0x00007ffe74770000 - 0x00007ffe74783000 	C:\WINDOWS\SYSTEM32\msasn1.dll
0x00007ffe6be30000 - 0x00007ffe6be6b000 	C:\WINDOWS\SYSTEM32\cryptnet.dll
0x00007ffe75880000 - 0x00007ffe759f6000 	C:\WINDOWS\System32\CRYPT32.dll
0x00007ffe74630000 - 0x00007ffe7468d000 	C:\WINDOWS\SYSTEM32\wldp.dll
0x00007ffe6bcb0000 - 0x00007ffe6be28000 	C:\WINDOWS\SYSTEM32\drvstore.dll
0x00007ffe74c40000 - 0x00007ffe74c6d000 	C:\WINDOWS\SYSTEM32\devobj.dll
0x00007ffe74bd0000 - 0x00007ffe74c2f000 	C:\WINDOWS\SYSTEM32\cfgmgr32.dll
0x00007ffe74f70000 - 0x00007ffe74fef000 	C:\WINDOWS\System32\WINTRUST.dll
0x00007ffe73fa0000 - 0x00007ffe73fd5000 	C:\WINDOWS\SYSTEM32\ntmarta.dll
0x00007ffe77ac0000 - 0x00007ffe77ae0000 	C:\WINDOWS\System32\imagehlp.dll
0x00007ffe68340000 - 0x00007ffe6bada000 	C:\WINDOWS\System32\DriverStore\FileRepository\nvmdi.inf_amd64_ce215582e5f83f90\nvgpucomp64.dll
0x00007ffe4f540000 - 0x00007ffe4f844000 	C:\WINDOWS\system32\nvspcap64.dll
0x00007ffe725e0000 - 0x00007ffe7260e000 	C:\WINDOWS\SYSTEM32\dwmapi.dll
0x00007ffe46330000 - 0x00007ffe46379000 	C:\WINDOWS\SYSTEM32\icm32.dll
0x00007ffe73be0000 - 0x00007ffe73c2e000 	C:\WINDOWS\SYSTEM32\powrprof.dll
0x00007ffe73bc0000 - 0x00007ffe73bd4000 	C:\WINDOWS\SYSTEM32\UMPDC.dll
0x00007ffe739b0000 - 0x00007ffe73a0e000 	C:\WINDOWS\SYSTEM32\WINSTA.dll
0x00007ffda3fd0000 - 0x00007ffda413c000 	C:\Program Files\Eclipse Adoptium\jdk-8.0.442.6-hotspot\jre\bin\freetype.dll
0x00007ffda3ef0000 - 0x00007ffda3fc9000 	C:\Program Files\Eclipse Adoptium\jdk-8.0.442.6-hotspot\jre\bin\fontmanager.dll
0x00007ffe3ec20000 - 0x00007ffe3edc6000 	C:\WINDOWS\system32\d3d9.dll
0x00007ffe6c1c0000 - 0x00007ffe6c282000 	C:\WINDOWS\System32\DriverStore\FileRepository\nvmdi.inf_amd64_ce215582e5f83f90\nvldumdx.dll
0x00007ffe670c0000 - 0x00007ffe67197000 	C:\WINDOWS\System32\DriverStore\FileRepository\nvmdi.inf_amd64_ce215582e5f83f90\NvMemMapStoragex.dll
0x00007ffe11e30000 - 0x00007ffe13ef7000 	C:\WINDOWS\System32\DriverStore\FileRepository\nvmdi.inf_amd64_ce215582e5f83f90\nvd3dumx.dll
0x00007ffe72430000 - 0x00007ffe7248c000 	C:\WINDOWS\SYSTEM32\directxdatabasehelper.dll
0x00007ffe743d0000 - 0x00007ffe743f7000 	C:\WINDOWS\SYSTEM32\gpapi.dll
0x00007ffe30960000 - 0x00007ffe30b14000 	C:\WINDOWS\System32\DriverStore\FileRepository\nvmdi.inf_amd64_ce215582e5f83f90\nvppex.dll
0x0000000070a40000 - 0x0000000070adc000 	C:\Users\user\Desktop\Coding\ezclient\ezclient\ezclient\jars\versions\1.8.9\1.8.9-natives\avutil-ttv-51.dll
0x0000000065980000 - 0x00000000659d6000 	C:\Users\user\Desktop\Coding\ezclient\ezclient\ezclient\jars\versions\1.8.9\1.8.9-natives\swresample-ttv-0.dll
0x000000006eb80000 - 0x000000006ec50000 	C:\Users\user\Desktop\Coding\ezclient\ezclient\ezclient\jars\versions\1.8.9\1.8.9-natives\libmp3lame-ttv.dll
0x00007ffd43a50000 - 0x00007ffd44df4000 	C:\Users\user\Desktop\Coding\ezclient\ezclient\ezclient\jars\versions\1.8.9\1.8.9-natives\libmfxsw64.dll
0x00007ffd8e620000 - 0x00007ffd8e78d000 	C:\Users\user\Desktop\Coding\ezclient\ezclient\ezclient\jars\versions\1.8.9\1.8.9-natives\twitchsdk.dll
0x00007ffe57fa0000 - 0x00007ffe58223000 	C:\WINDOWS\SYSTEM32\WININET.dll
0x000001e2c0bd0000 - 0x000001e2c0c34000 	C:\Users\user\Desktop\Coding\ezclient\ezclient\ezclient\jars\versions\1.8.9\1.8.9-natives\OpenAL64.dll
0x00007ffe76bf0000 - 0x00007ffe76c98000 	C:\WINDOWS\System32\clbcatq.dll
0x00007ffe6e7c0000 - 0x00007ffe6e850000 	C:\WINDOWS\System32\MMDevApi.dll
0x00007ffe1bcb0000 - 0x00007ffe1bd44000 	C:\WINDOWS\SYSTEM32\dsound.dll
0x00007ffe5c400000 - 0x00007ffe5c431000 	C:\WINDOWS\SYSTEM32\winmmbase.dll
0x00007ffe1bbf0000 - 0x00007ffe1bca1000 	C:\WINDOWS\SYSTEM32\ResampleDmo.DLL
0x00007ffe1e8d0000 - 0x00007ffe1e8de000 	C:\WINDOWS\SYSTEM32\msdmo.dll
0x00007ffe5f1d0000 - 0x00007ffe5f387000 	C:\WINDOWS\SYSTEM32\AUDIOSES.DLL
0x00007ffe72960000 - 0x00007ffe72974000 	C:\WINDOWS\SYSTEM32\resourcepolicyclient.dll
0x00007ffe6fac0000 - 0x00007ffe6fbe5000 	C:\WINDOWS\SYSTEM32\CoreMessaging.dll
0x00007ffe6cc50000 - 0x00007ffe6cf33000 	C:\WINDOWS\SYSTEM32\CoreUIComponents.dll
0x00007ffe71010000 - 0x00007ffe71178000 	C:\WINDOWS\SYSTEM32\wintypes.dll
0x00007ffe22460000 - 0x00007ffe22485000 	C:\Program Files\Eclipse Adoptium\jdk-8.0.442.6-hotspot\jre\bin\sunec.dll
0x00007ffe676a0000 - 0x00007ffe678e1000 	C:\WINDOWS\SYSTEM32\dbghelp.dll

VM Arguments:
jvm_args: -Xincgc -Xmx1024M -Xms1024M -Djava.library.path=C:\Users\user\Desktop\Coding\ezclient\ezclient\ezclient\jars\versions\1.8.9\1.8.9-natives -Dfile.encoding=windows-1252 -Dstdout.encoding=windows-1252 -Dstderr.encoding=windows-1252 
java_command: Start
java_class_path (initial): C:\Users\user\Desktop\Coding\ezclient\ezclient\ezclient\eclipse\Client\bin;C:\Users\user\Desktop\Coding\ezclient\ezclient\ezclient\jars\versions\1.8.9\1.8.9.jar;C:\Users\user\Desktop\Coding\ezclient\ezclient\ezclient\jars\libraries\oshi-project\oshi-core\1.1\oshi-core-1.1.jar;C:\Users\user\Desktop\Coding\ezclient\ezclient\ezclient\jars\libraries\net\java\dev\jna\jna\3.4.0\jna-3.4.0.jar;C:\Users\user\Desktop\Coding\ezclient\ezclient\ezclient\jars\libraries\net\java\dev\jna\platform\3.4.0\platform-3.4.0.jar;C:\Users\user\Desktop\Coding\ezclient\ezclient\ezclient\jars\libraries\com\ibm\icu\icu4j-core-mojang\51.2\icu4j-core-mojang-51.2.jar;C:\Users\user\Desktop\Coding\ezclient\ezclient\ezclient\jars\libraries\net\sf\jopt-simple\jopt-simple\4.6\jopt-simple-4.6.jar;C:\Users\user\Desktop\Coding\ezclient\ezclient\ezclient\jars\libraries\com\paulscode\codecjorbis\20101023\codecjorbis-20101023.jar;C:\Users\user\Desktop\Coding\ezclient\ezclient\ezclient\jars\libraries\com\paulscode\codecwav\20101023\codecwav-20101023.jar;C:\Users\user\Desktop\Coding\ezclient\ezclient\ezclient\jars\libraries\com\paulscode\libraryjavasound\20101123\libraryjavasound-20101123.jar;C:\Users\user\Desktop\Coding\ezclient\ezclient\ezclient\jars\libraries\com\paulscode\librarylwjglopenal\20100824\librarylwjglopenal-20100824.jar;C:\Users\user\Desktop\Coding\ezclient\ezclient\ezclient\jars\libraries\com\paulscode\soundsystem\20120107\soundsystem-20120107.jar;C:\Users\user\Desktop\Coding\ezclient\ezclient\ezclient\jars\libraries\io\netty\netty-all\4.0.23.Final\netty-all-4.0.23.Final.jar;C:\Users\user\Desktop\Coding\ezclient\ezclient\ezclient\jars\libraries\com\google\guava\guava\17.0\guava-17.0.jar;C:\Users\user\Desktop\Coding\ezclient\ezclient\ezclient\jars\libraries\org\apache\commons\commons-lang3\3.3.2\commons-lang3-3.3.2.jar;C:\Users\user\Desktop\Coding\ezclient\ezclient\ezclient\jars\libraries\commons-io\commons-io\2.4\commons-io-2.4.jar;C:\Users\user\Desktop\Coding\ezcli
Launcher Type: SUN_STANDARD

Environment Variables:
PATH=C:/Users/user/.p2/pool/plugins/org.eclipse.justj.openjdk.hotspot.jre.full.win32.x86_64_23.0.2.v20250131-0604/jre/bin/server;C:/Users/user/.p2/pool/plugins/org.eclipse.justj.openjdk.hotspot.jre.full.win32.x86_64_23.0.2.v20250131-0604/jre/bin;C:\Program Files\OpenLogic\jdk-8.0.442.06-hotspot\bin;C:\Program Files\Eclipse Adoptium\jdk-8.0.442.6-hotspot\bin;C:\Program Files\Common Files\Oracle\Java\javapath;C:\Program Files (x86)\Common Files\Oracle\Java\java8path;C:\Program Files (x86)\Common Files\Oracle\Java\javapath;C:\Program Files (x86)\Razer Chroma SDK\bin;C:\Program Files\Razer Chroma SDK\bin;C:\WINDOWS\system32;C:\WINDOWS;C:\WINDOWS\System32\Wbem;C:\WINDOWS\System32\WindowsPowerShell\v1.0\;C:\WINDOWS\System32\OpenSSH\;C:\Program Files\dotnet\;C:\Program Files (x86)\NVIDIA Corporation\PhysX\Common;C:\WINDOWS\system32\config\systemprofile\AppData\Local\Microsoft\WindowsApps;C:\Program Files (x86)\Razer\ChromaBroadcast\bin;C:\Program Files\Razer\ChromaBroadcast\bin;C:\Users\user\AppData\Local\Microsoft\WindowsApps;C:\Users\user\AppData\Local\Muse Hub\lib;C:\Program Files\NVIDIA Corporation\NVIDIA app\NvDLISR;C:\Program Files\nodejs\;C:\Program Files\Microsoft SQL Server\150\Tools\Binn\;C:\Program Files\Microsoft SQL Server\Client SDK\ODBC\170\Tools\Binn\;C:\Program Files (x86)\Windows Kits\10\Windows Performance Toolkit\;C:\Program Files (x86)\Microsoft SQL Server\160\DTS\Binn\;C:\Program Files (x86)\Microsoft SQL Server\160\Tools\Binn\;C:\Program Files\Microsoft SQL Server\160\Tools\Binn\;C:\Program Files\Microsoft SQL Server\160\DTS\Binn\;C:\Program Files\Git\cmd;C:\Users\user\AppData\Local\Microsoft\WindowsApps;C:\Users\user\AppData\Local\Muse Hub\lib;C:\Users\user\AppData\Local\Programs\Microsoft VS Code\bin;C:\Users\user\AppData\Roaming\npm;C:\Users\user\.dotnet\tools;C:\WINDOWS\system32;
USERNAME=user
OS=Windows_NT
PROCESSOR_IDENTIFIER=Intel64 Family 6 Model 183 Stepping 1, GenuineIntel



---------------  S Y S T E M  ---------------

OS: Windows 11 , 64 bit Build 26100 (10.0.26100.2454)

CPU:total 32 (initial active 32) (16 cores per cpu, 2 threads per core) family 6 model 183 stepping 1, cmov, cx8, fxsr, mmx, sse, sse2, sse3, ssse3, sse4.1, sse4.2, popcnt, avx, avx2, aes, clmul, erms, 3dnowpref, lzcnt, ht, tsc, tscinvbit, bmi1, bmi2, adx

Memory: 4k page, physical 66843580k(45839396k free), swap 71037884k(39186152k free)

vm_info: OpenJDK 64-Bit Server VM (25.442-b06) for windows-amd64 JRE (1.8.0_442-b06), built on Jan 22 2025 02:15:53 by "ContainerUser" with unknown MS VC++:1937

time: Sun Feb  2 20:03:31 2025
timezone: Mitteleuropäische Zeit
elapsed time: 21.959821 seconds (0d 0h 0m 21s)

